{"C:\\Users\\james\\OneDrive - University of Witwatersrand\\SD\\Cryptid Web App\\Cryptid-Web-App\\test\\game.js": {"path":"C:\\Users\\james\\OneDrive - University of Witwatersrand\\SD\\Cryptid Web App\\Cryptid-Web-App\\test\\game.js","statementMap":{"0":{"start":{"line":1,"column":15},"end":{"line":1,"column":16}},"1":{"start":{"line":3,"column":0},"end":{"line":46,"column":2}},"2":{"start":{"line":48,"column":0},"end":{"line":67,"column":1}},"3":{"start":{"line":70,"column":12},"end":{"line":80,"column":1}},"4":{"start":{"line":85,"column":4},"end":{"line":85,"column":30}},"5":{"start":{"line":86,"column":18},"end":{"line":86,"column":44}},"6":{"start":{"line":89,"column":20},"end":{"line":103,"column":6}},"7":{"start":{"line":90,"column":8},"end":{"line":102,"column":9}},"8":{"start":{"line":91,"column":12},"end":{"line":98,"column":13}},"9":{"start":{"line":93,"column":20},"end":{"line":93,"column":30}},"10":{"start":{"line":95,"column":20},"end":{"line":95,"column":30}},"11":{"start":{"line":97,"column":20},"end":{"line":97,"column":30}},"12":{"start":{"line":101,"column":12},"end":{"line":101,"column":36}},"13":{"start":{"line":106,"column":17},"end":{"line":108,"column":6}},"14":{"start":{"line":107,"column":8},"end":{"line":107,"column":25}},"15":{"start":{"line":111,"column":17},"end":{"line":117,"column":6}},"16":{"start":{"line":112,"column":8},"end":{"line":116,"column":9}},"17":{"start":{"line":113,"column":12},"end":{"line":113,"column":29}},"18":{"start":{"line":115,"column":12},"end":{"line":115,"column":28}},"19":{"start":{"line":120,"column":16},"end":{"line":120,"column":23}},"20":{"start":{"line":121,"column":4},"end":{"line":126,"column":5}},"21":{"start":{"line":122,"column":8},"end":{"line":122,"column":36}},"22":{"start":{"line":125,"column":8},"end":{"line":125,"column":36}},"23":{"start":{"line":129,"column":24},"end":{"line":129,"column":26}},"24":{"start":{"line":130,"column":4},"end":{"line":134,"column":5}},"25":{"start":{"line":130,"column":17},"end":{"line":130,"column":18}},"26":{"start":{"line":131,"column":20},"end":{"line":131,"column":42}},"27":{"start":{"line":132,"column":20},"end":{"line":132,"column":46}},"28":{"start":{"line":133,"column":8},"end":{"line":133,"column":37}},"29":{"start":{"line":136,"column":19},"end":{"line":136,"column":60}},"30":{"start":{"line":137,"column":19},"end":{"line":137,"column":77}},"31":{"start":{"line":140,"column":24},"end":{"line":147,"column":5}},"32":{"start":{"line":149,"column":4},"end":{"line":149,"column":23}},"33":{"start":{"line":154,"column":4},"end":{"line":154,"column":48}},"34":{"start":{"line":160,"column":4},"end":{"line":160,"column":58}},"35":{"start":{"line":165,"column":17},"end":{"line":214,"column":5}},"36":{"start":{"line":215,"column":4},"end":{"line":215,"column":61}},"37":{"start":{"line":215,"column":41},"end":{"line":215,"column":59}},"38":{"start":{"line":220,"column":4},"end":{"line":232,"column":6}},"39":{"start":{"line":233,"column":4},"end":{"line":233,"column":33}},"40":{"start":{"line":238,"column":20},"end":{"line":238,"column":22}},"41":{"start":{"line":239,"column":4},"end":{"line":245,"column":5}},"42":{"start":{"line":239,"column":17},"end":{"line":239,"column":25}},"43":{"start":{"line":240,"column":18},"end":{"line":240,"column":20}},"44":{"start":{"line":241,"column":8},"end":{"line":243,"column":9}},"45":{"start":{"line":241,"column":21},"end":{"line":241,"column":29}},"46":{"start":{"line":242,"column":12},"end":{"line":242,"column":34}},"47":{"start":{"line":244,"column":8},"end":{"line":244,"column":28}},"48":{"start":{"line":246,"column":4},"end":{"line":246,"column":21}},"49":{"start":{"line":249,"column":17},"end":{"line":256,"column":1}},"50":{"start":{"line":261,"column":15},"end":{"line":261,"column":28}},"51":{"start":{"line":262,"column":4},"end":{"line":262,"column":54}},"52":{"start":{"line":263,"column":4},"end":{"line":263,"column":45}},"53":{"start":{"line":265,"column":4},"end":{"line":267,"column":5}},"54":{"start":{"line":266,"column":8},"end":{"line":266,"column":22}},"55":{"start":{"line":268,"column":4},"end":{"line":268,"column":22}},"56":{"start":{"line":273,"column":4},"end":{"line":275,"column":5}},"57":{"start":{"line":274,"column":8},"end":{"line":274,"column":71}},"58":{"start":{"line":277,"column":23},"end":{"line":277,"column":25}},"59":{"start":{"line":278,"column":4},"end":{"line":280,"column":5}},"60":{"start":{"line":278,"column":17},"end":{"line":278,"column":18}},"61":{"start":{"line":279,"column":8},"end":{"line":279,"column":57}},"62":{"start":{"line":282,"column":4},"end":{"line":282,"column":24}},"63":{"start":{"line":287,"column":18},"end":{"line":287,"column":35}},"64":{"start":{"line":288,"column":21},"end":{"line":288,"column":42}},"65":{"start":{"line":289,"column":17},"end":{"line":289,"column":25}},"66":{"start":{"line":292,"column":4},"end":{"line":296,"column":5}},"67":{"start":{"line":292,"column":15},"end":{"line":292,"column":16}},"68":{"start":{"line":293,"column":8},"end":{"line":295,"column":9}},"69":{"start":{"line":294,"column":12},"end":{"line":294,"column":39}},"70":{"start":{"line":299,"column":24},"end":{"line":299,"column":82}},"71":{"start":{"line":300,"column":4},"end":{"line":302,"column":5}},"72":{"start":{"line":300,"column":15},"end":{"line":300,"column":16}},"73":{"start":{"line":301,"column":8},"end":{"line":301,"column":92}},"74":{"start":{"line":303,"column":4},"end":{"line":305,"column":5}},"75":{"start":{"line":303,"column":15},"end":{"line":303,"column":16}},"76":{"start":{"line":304,"column":8},"end":{"line":304,"column":92}},"77":{"start":{"line":307,"column":4},"end":{"line":307,"column":27}},"78":{"start":{"line":311,"column":4},"end":{"line":367,"column":23}},"79":{"start":{"line":312,"column":8},"end":{"line":321,"column":27}},"80":{"start":{"line":313,"column":12},"end":{"line":313,"column":24}},"81":{"start":{"line":315,"column":13},"end":{"line":321,"column":27}},"82":{"start":{"line":316,"column":12},"end":{"line":316,"column":24}},"83":{"start":{"line":318,"column":13},"end":{"line":321,"column":27}},"84":{"start":{"line":319,"column":12},"end":{"line":319,"column":24}},"85":{"start":{"line":321,"column":13},"end":{"line":321,"column":26}},"86":{"start":{"line":324,"column":9},"end":{"line":367,"column":23}},"87":{"start":{"line":325,"column":8},"end":{"line":334,"column":27}},"88":{"start":{"line":326,"column":12},"end":{"line":326,"column":24}},"89":{"start":{"line":328,"column":13},"end":{"line":334,"column":27}},"90":{"start":{"line":329,"column":12},"end":{"line":329,"column":24}},"91":{"start":{"line":331,"column":13},"end":{"line":334,"column":27}},"92":{"start":{"line":332,"column":12},"end":{"line":332,"column":24}},"93":{"start":{"line":334,"column":13},"end":{"line":334,"column":26}},"94":{"start":{"line":337,"column":9},"end":{"line":367,"column":23}},"95":{"start":{"line":338,"column":8},"end":{"line":344,"column":27}},"96":{"start":{"line":339,"column":12},"end":{"line":339,"column":24}},"97":{"start":{"line":341,"column":13},"end":{"line":344,"column":27}},"98":{"start":{"line":342,"column":12},"end":{"line":342,"column":24}},"99":{"start":{"line":344,"column":13},"end":{"line":344,"column":26}},"100":{"start":{"line":347,"column":9},"end":{"line":367,"column":23}},"101":{"start":{"line":348,"column":8},"end":{"line":351,"column":27}},"102":{"start":{"line":348,"column":35},"end":{"line":348,"column":47}},"103":{"start":{"line":349,"column":13},"end":{"line":351,"column":27}},"104":{"start":{"line":349,"column":40},"end":{"line":349,"column":52}},"105":{"start":{"line":350,"column":13},"end":{"line":351,"column":27}},"106":{"start":{"line":350,"column":40},"end":{"line":350,"column":52}},"107":{"start":{"line":351,"column":13},"end":{"line":351,"column":26}},"108":{"start":{"line":354,"column":9},"end":{"line":367,"column":23}},"109":{"start":{"line":355,"column":8},"end":{"line":358,"column":27}},"110":{"start":{"line":355,"column":35},"end":{"line":355,"column":47}},"111":{"start":{"line":356,"column":13},"end":{"line":358,"column":27}},"112":{"start":{"line":356,"column":39},"end":{"line":356,"column":51}},"113":{"start":{"line":357,"column":13},"end":{"line":358,"column":27}},"114":{"start":{"line":357,"column":40},"end":{"line":357,"column":52}},"115":{"start":{"line":358,"column":13},"end":{"line":358,"column":26}},"116":{"start":{"line":362,"column":9},"end":{"line":367,"column":23}},"117":{"start":{"line":363,"column":8},"end":{"line":365,"column":27}},"118":{"start":{"line":363,"column":34},"end":{"line":363,"column":46}},"119":{"start":{"line":364,"column":13},"end":{"line":365,"column":27}},"120":{"start":{"line":364,"column":39},"end":{"line":364,"column":51}},"121":{"start":{"line":365,"column":13},"end":{"line":365,"column":26}},"122":{"start":{"line":367,"column":9},"end":{"line":367,"column":22}},"123":{"start":{"line":372,"column":4},"end":{"line":433,"column":23}},"124":{"start":{"line":373,"column":8},"end":{"line":382,"column":27}},"125":{"start":{"line":374,"column":12},"end":{"line":374,"column":24}},"126":{"start":{"line":376,"column":13},"end":{"line":382,"column":27}},"127":{"start":{"line":377,"column":12},"end":{"line":377,"column":24}},"128":{"start":{"line":379,"column":13},"end":{"line":382,"column":27}},"129":{"start":{"line":380,"column":12},"end":{"line":380,"column":24}},"130":{"start":{"line":382,"column":13},"end":{"line":382,"column":26}},"131":{"start":{"line":385,"column":9},"end":{"line":433,"column":23}},"132":{"start":{"line":386,"column":8},"end":{"line":395,"column":27}},"133":{"start":{"line":387,"column":12},"end":{"line":387,"column":24}},"134":{"start":{"line":389,"column":13},"end":{"line":395,"column":27}},"135":{"start":{"line":390,"column":12},"end":{"line":390,"column":24}},"136":{"start":{"line":392,"column":13},"end":{"line":395,"column":27}},"137":{"start":{"line":393,"column":12},"end":{"line":393,"column":24}},"138":{"start":{"line":395,"column":13},"end":{"line":395,"column":26}},"139":{"start":{"line":398,"column":9},"end":{"line":433,"column":23}},"140":{"start":{"line":399,"column":8},"end":{"line":405,"column":27}},"141":{"start":{"line":400,"column":12},"end":{"line":400,"column":24}},"142":{"start":{"line":402,"column":13},"end":{"line":405,"column":27}},"143":{"start":{"line":403,"column":12},"end":{"line":403,"column":24}},"144":{"start":{"line":405,"column":13},"end":{"line":405,"column":26}},"145":{"start":{"line":408,"column":9},"end":{"line":433,"column":23}},"146":{"start":{"line":409,"column":8},"end":{"line":418,"column":27}},"147":{"start":{"line":410,"column":12},"end":{"line":410,"column":24}},"148":{"start":{"line":412,"column":13},"end":{"line":418,"column":27}},"149":{"start":{"line":413,"column":12},"end":{"line":413,"column":24}},"150":{"start":{"line":415,"column":13},"end":{"line":418,"column":27}},"151":{"start":{"line":416,"column":12},"end":{"line":416,"column":24}},"152":{"start":{"line":418,"column":13},"end":{"line":418,"column":26}},"153":{"start":{"line":421,"column":9},"end":{"line":433,"column":23}},"154":{"start":{"line":422,"column":8},"end":{"line":425,"column":27}},"155":{"start":{"line":422,"column":35},"end":{"line":422,"column":47}},"156":{"start":{"line":423,"column":13},"end":{"line":425,"column":27}},"157":{"start":{"line":423,"column":40},"end":{"line":423,"column":52}},"158":{"start":{"line":424,"column":13},"end":{"line":425,"column":27}},"159":{"start":{"line":424,"column":40},"end":{"line":424,"column":52}},"160":{"start":{"line":425,"column":13},"end":{"line":425,"column":26}},"161":{"start":{"line":428,"column":9},"end":{"line":433,"column":23}},"162":{"start":{"line":429,"column":8},"end":{"line":431,"column":27}},"163":{"start":{"line":429,"column":35},"end":{"line":429,"column":47}},"164":{"start":{"line":430,"column":13},"end":{"line":431,"column":27}},"165":{"start":{"line":430,"column":40},"end":{"line":430,"column":52}},"166":{"start":{"line":431,"column":13},"end":{"line":431,"column":26}},"167":{"start":{"line":433,"column":9},"end":{"line":433,"column":22}},"168":{"start":{"line":436,"column":0},"end":{"line":657,"column":3}},"169":{"start":{"line":438,"column":4},"end":{"line":438,"column":61}},"170":{"start":{"line":439,"column":4},"end":{"line":439,"column":64}},"171":{"start":{"line":440,"column":4},"end":{"line":440,"column":61}},"172":{"start":{"line":441,"column":4},"end":{"line":441,"column":60}},"173":{"start":{"line":442,"column":4},"end":{"line":442,"column":74}},"174":{"start":{"line":443,"column":4},"end":{"line":443,"column":67}},"175":{"start":{"line":444,"column":4},"end":{"line":444,"column":59}},"176":{"start":{"line":447,"column":28},"end":{"line":447,"column":71}},"177":{"start":{"line":448,"column":29},"end":{"line":448,"column":73}},"178":{"start":{"line":450,"column":4},"end":{"line":453,"column":7}},"179":{"start":{"line":452,"column":8},"end":{"line":452,"column":103}},"180":{"start":{"line":457,"column":19},"end":{"line":457,"column":53}},"181":{"start":{"line":458,"column":22},"end":{"line":458,"column":58}},"182":{"start":{"line":460,"column":4},"end":{"line":464,"column":5}},"183":{"start":{"line":461,"column":8},"end":{"line":461,"column":78}},"184":{"start":{"line":463,"column":8},"end":{"line":463,"column":72}},"185":{"start":{"line":467,"column":19},"end":{"line":467,"column":55}},"186":{"start":{"line":468,"column":21},"end":{"line":468,"column":37}},"187":{"start":{"line":469,"column":28},"end":{"line":469,"column":48}},"188":{"start":{"line":470,"column":19},"end":{"line":470,"column":32}},"189":{"start":{"line":471,"column":19},"end":{"line":471,"column":32}},"190":{"start":{"line":474,"column":17},"end":{"line":474,"column":53}},"191":{"start":{"line":475,"column":4},"end":{"line":597,"column":5}},"192":{"start":{"line":475,"column":17},"end":{"line":475,"column":18}},"193":{"start":{"line":476,"column":23},"end":{"line":476,"column":51}},"194":{"start":{"line":477,"column":8},"end":{"line":595,"column":9}},"195":{"start":{"line":477,"column":21},"end":{"line":477,"column":22}},"196":{"start":{"line":478,"column":24},"end":{"line":478,"column":52}},"197":{"start":{"line":479,"column":12},"end":{"line":479,"column":34}},"198":{"start":{"line":480,"column":12},"end":{"line":482,"column":13}},"199":{"start":{"line":481,"column":16},"end":{"line":481,"column":42}},"200":{"start":{"line":484,"column":25},"end":{"line":484,"column":57}},"201":{"start":{"line":485,"column":12},"end":{"line":485,"column":36}},"202":{"start":{"line":486,"column":12},"end":{"line":486,"column":54}},"203":{"start":{"line":487,"column":27},"end":{"line":487,"column":57}},"204":{"start":{"line":488,"column":12},"end":{"line":488,"column":40}},"205":{"start":{"line":489,"column":12},"end":{"line":489,"column":56}},"206":{"start":{"line":490,"column":12},"end":{"line":490,"column":36}},"207":{"start":{"line":491,"column":26},"end":{"line":491,"column":58}},"208":{"start":{"line":492,"column":12},"end":{"line":492,"column":38}},"209":{"start":{"line":493,"column":12},"end":{"line":493,"column":55}},"210":{"start":{"line":495,"column":12},"end":{"line":547,"column":13}},"211":{"start":{"line":497,"column":16},"end":{"line":499,"column":17}},"212":{"start":{"line":498,"column":20},"end":{"line":498,"column":52}},"213":{"start":{"line":500,"column":16},"end":{"line":502,"column":17}},"214":{"start":{"line":501,"column":20},"end":{"line":501,"column":51}},"215":{"start":{"line":504,"column":17},"end":{"line":547,"column":13}},"216":{"start":{"line":505,"column":16},"end":{"line":507,"column":17}},"217":{"start":{"line":506,"column":20},"end":{"line":506,"column":52}},"218":{"start":{"line":508,"column":16},"end":{"line":510,"column":17}},"219":{"start":{"line":509,"column":20},"end":{"line":509,"column":51}},"220":{"start":{"line":512,"column":17},"end":{"line":547,"column":13}},"221":{"start":{"line":513,"column":16},"end":{"line":515,"column":17}},"222":{"start":{"line":514,"column":20},"end":{"line":514,"column":52}},"223":{"start":{"line":516,"column":16},"end":{"line":518,"column":17}},"224":{"start":{"line":517,"column":20},"end":{"line":517,"column":51}},"225":{"start":{"line":520,"column":17},"end":{"line":547,"column":13}},"226":{"start":{"line":522,"column":16},"end":{"line":524,"column":17}},"227":{"start":{"line":523,"column":20},"end":{"line":523,"column":52}},"228":{"start":{"line":525,"column":16},"end":{"line":527,"column":17}},"229":{"start":{"line":526,"column":20},"end":{"line":526,"column":51}},"230":{"start":{"line":529,"column":17},"end":{"line":547,"column":13}},"231":{"start":{"line":531,"column":16},"end":{"line":533,"column":17}},"232":{"start":{"line":532,"column":20},"end":{"line":532,"column":52}},"233":{"start":{"line":534,"column":16},"end":{"line":536,"column":17}},"234":{"start":{"line":535,"column":20},"end":{"line":535,"column":51}},"235":{"start":{"line":538,"column":17},"end":{"line":547,"column":13}},"236":{"start":{"line":540,"column":16},"end":{"line":542,"column":17}},"237":{"start":{"line":541,"column":20},"end":{"line":541,"column":52}},"238":{"start":{"line":543,"column":16},"end":{"line":545,"column":17}},"239":{"start":{"line":544,"column":20},"end":{"line":544,"column":51}},"240":{"start":{"line":549,"column":12},"end":{"line":549,"column":34}},"241":{"start":{"line":550,"column":12},"end":{"line":550,"column":36}},"242":{"start":{"line":551,"column":12},"end":{"line":551,"column":35}},"243":{"start":{"line":552,"column":12},"end":{"line":552,"column":36}},"244":{"start":{"line":557,"column":31},"end":{"line":557,"column":87}},"245":{"start":{"line":557,"column":64},"end":{"line":557,"column":86}},"246":{"start":{"line":558,"column":12},"end":{"line":575,"column":13}},"247":{"start":{"line":559,"column":35},"end":{"line":559,"column":64}},"248":{"start":{"line":560,"column":16},"end":{"line":573,"column":17}},"249":{"start":{"line":562,"column":24},"end":{"line":562,"column":54}},"250":{"start":{"line":563,"column":24},"end":{"line":563,"column":30}},"251":{"start":{"line":565,"column":24},"end":{"line":565,"column":54}},"252":{"start":{"line":566,"column":24},"end":{"line":566,"column":30}},"253":{"start":{"line":568,"column":24},"end":{"line":568,"column":54}},"254":{"start":{"line":569,"column":24},"end":{"line":569,"column":30}},"255":{"start":{"line":571,"column":24},"end":{"line":571,"column":54}},"256":{"start":{"line":572,"column":24},"end":{"line":572,"column":30}},"257":{"start":{"line":574,"column":16},"end":{"line":574,"column":47}},"258":{"start":{"line":576,"column":31},"end":{"line":576,"column":87}},"259":{"start":{"line":576,"column":64},"end":{"line":576,"column":86}},"260":{"start":{"line":577,"column":12},"end":{"line":594,"column":13}},"261":{"start":{"line":578,"column":35},"end":{"line":578,"column":64}},"262":{"start":{"line":579,"column":16},"end":{"line":592,"column":17}},"263":{"start":{"line":581,"column":24},"end":{"line":581,"column":54}},"264":{"start":{"line":582,"column":24},"end":{"line":582,"column":30}},"265":{"start":{"line":584,"column":24},"end":{"line":584,"column":54}},"266":{"start":{"line":585,"column":24},"end":{"line":585,"column":30}},"267":{"start":{"line":587,"column":24},"end":{"line":587,"column":54}},"268":{"start":{"line":588,"column":24},"end":{"line":588,"column":30}},"269":{"start":{"line":590,"column":24},"end":{"line":590,"column":54}},"270":{"start":{"line":591,"column":24},"end":{"line":591,"column":30}},"271":{"start":{"line":593,"column":16},"end":{"line":593,"column":47}},"272":{"start":{"line":596,"column":8},"end":{"line":596,"column":33}},"273":{"start":{"line":598,"column":4},"end":{"line":598,"column":36}},"274":{"start":{"line":601,"column":23},"end":{"line":601,"column":66}},"275":{"start":{"line":602,"column":18},"end":{"line":602,"column":39}},"276":{"start":{"line":603,"column":17},"end":{"line":603,"column":37}},"277":{"start":{"line":606,"column":23},"end":{"line":606,"column":60}},"278":{"start":{"line":607,"column":26},"end":{"line":607,"column":58}},"279":{"start":{"line":608,"column":26},"end":{"line":608,"column":66}},"280":{"start":{"line":609,"column":25},"end":{"line":609,"column":64}},"281":{"start":{"line":610,"column":4},"end":{"line":617,"column":7}},"282":{"start":{"line":611,"column":8},"end":{"line":611,"column":79}},"283":{"start":{"line":612,"column":8},"end":{"line":612,"column":107}},"284":{"start":{"line":613,"column":8},"end":{"line":613,"column":67}},"285":{"start":{"line":614,"column":8},"end":{"line":614,"column":46}},"286":{"start":{"line":615,"column":8},"end":{"line":615,"column":51}},"287":{"start":{"line":616,"column":8},"end":{"line":616,"column":68}},"288":{"start":{"line":620,"column":4},"end":{"line":623,"column":7}},"289":{"start":{"line":621,"column":8},"end":{"line":621,"column":44}},"290":{"start":{"line":622,"column":8},"end":{"line":622,"column":26}},"291":{"start":{"line":626,"column":4},"end":{"line":628,"column":7}},"292":{"start":{"line":627,"column":8},"end":{"line":627,"column":50}},"293":{"start":{"line":631,"column":20},"end":{"line":631,"column":54}},"294":{"start":{"line":632,"column":4},"end":{"line":652,"column":6}},"295":{"start":{"line":633,"column":8},"end":{"line":633,"column":69}},"296":{"start":{"line":634,"column":8},"end":{"line":634,"column":72}},"297":{"start":{"line":635,"column":8},"end":{"line":635,"column":74}},"298":{"start":{"line":636,"column":24},"end":{"line":636,"column":64}},"299":{"start":{"line":637,"column":8},"end":{"line":637,"column":91}},"300":{"start":{"line":639,"column":30},"end":{"line":639,"column":62}},"301":{"start":{"line":640,"column":30},"end":{"line":640,"column":66}},"302":{"start":{"line":641,"column":29},"end":{"line":641,"column":68}},"303":{"start":{"line":642,"column":8},"end":{"line":642,"column":43}},"304":{"start":{"line":643,"column":8},"end":{"line":649,"column":11}},"305":{"start":{"line":644,"column":12},"end":{"line":644,"column":49}},"306":{"start":{"line":645,"column":12},"end":{"line":645,"column":37}},"307":{"start":{"line":646,"column":12},"end":{"line":646,"column":61}},"308":{"start":{"line":647,"column":12},"end":{"line":647,"column":66}},"309":{"start":{"line":648,"column":12},"end":{"line":648,"column":43}},"310":{"start":{"line":651,"column":8},"end":{"line":651,"column":51}},"311":{"start":{"line":656,"column":4},"end":{"line":656,"column":36}},"312":{"start":{"line":660,"column":0},"end":{"line":672,"column":2}}},"fnMap":{"0":{"name":"get_board_configuration","decl":{"start":{"line":83,"column":9},"end":{"line":83,"column":32}},"loc":{"start":{"line":83,"column":41},"end":{"line":150,"column":1}},"line":83},"1":{"name":"(anonymous_1)","decl":{"start":{"line":89,"column":40},"end":{"line":89,"column":41}},"loc":{"start":{"line":89,"column":48},"end":{"line":103,"column":5}},"line":89},"2":{"name":"(anonymous_2)","decl":{"start":{"line":106,"column":29},"end":{"line":106,"column":30}},"loc":{"start":{"line":106,"column":37},"end":{"line":108,"column":5}},"line":106},"3":{"name":"(anonymous_3)","decl":{"start":{"line":111,"column":26},"end":{"line":111,"column":27}},"loc":{"start":{"line":111,"column":34},"end":{"line":117,"column":5}},"line":111},"4":{"name":"get_game_config","decl":{"start":{"line":153,"column":9},"end":{"line":153,"column":24}},"loc":{"start":{"line":153,"column":48},"end":{"line":155,"column":1}},"line":153},"5":{"name":"get_destination","decl":{"start":{"line":159,"column":9},"end":{"line":159,"column":24}},"loc":{"start":{"line":159,"column":37},"end":{"line":161,"column":1}},"line":159},"6":{"name":"get_clues","decl":{"start":{"line":164,"column":9},"end":{"line":164,"column":18}},"loc":{"start":{"line":164,"column":31},"end":{"line":216,"column":1}},"line":164},"7":{"name":"(anonymous_7)","decl":{"start":{"line":215,"column":33},"end":{"line":215,"column":34}},"loc":{"start":{"line":215,"column":41},"end":{"line":215,"column":59}},"line":215},"8":{"name":"get_hint","decl":{"start":{"line":219,"column":9},"end":{"line":219,"column":17}},"loc":{"start":{"line":219,"column":30},"end":{"line":234,"column":1}},"line":219},"9":{"name":"getSubmatrix","decl":{"start":{"line":237,"column":9},"end":{"line":237,"column":21}},"loc":{"start":{"line":237,"column":58},"end":{"line":247,"column":1}},"line":237},"10":{"name":"rotate","decl":{"start":{"line":259,"column":9},"end":{"line":259,"column":15}},"loc":{"start":{"line":259,"column":27},"end":{"line":269,"column":1}},"line":259},"11":{"name":"mergeMatricesByRows","decl":{"start":{"line":272,"column":9},"end":{"line":272,"column":28}},"loc":{"start":{"line":272,"column":47},"end":{"line":283,"column":1}},"line":272},"12":{"name":"board_layout","decl":{"start":{"line":286,"column":9},"end":{"line":286,"column":21}},"loc":{"start":{"line":286,"column":34},"end":{"line":308,"column":1}},"line":286},"13":{"name":"isBear","decl":{"start":{"line":310,"column":9},"end":{"line":310,"column":15}},"loc":{"start":{"line":310,"column":32},"end":{"line":369,"column":1}},"line":310},"14":{"name":"isCougar","decl":{"start":{"line":371,"column":9},"end":{"line":371,"column":17}},"loc":{"start":{"line":371,"column":34},"end":{"line":434,"column":1}},"line":371},"15":{"name":"(anonymous_15)","decl":{"start":{"line":436,"column":46},"end":{"line":436,"column":47}},"loc":{"start":{"line":436,"column":52},"end":{"line":657,"column":1}},"line":436},"16":{"name":"(anonymous_16)","decl":{"start":{"line":450,"column":46},"end":{"line":450,"column":47}},"loc":{"start":{"line":450,"column":52},"end":{"line":453,"column":5}},"line":450},"17":{"name":"(anonymous_17)","decl":{"start":{"line":557,"column":48},"end":{"line":557,"column":49}},"loc":{"start":{"line":557,"column":64},"end":{"line":557,"column":86}},"line":557},"18":{"name":"(anonymous_18)","decl":{"start":{"line":576,"column":48},"end":{"line":576,"column":49}},"loc":{"start":{"line":576,"column":64},"end":{"line":576,"column":86}},"line":576},"19":{"name":"(anonymous_19)","decl":{"start":{"line":610,"column":41},"end":{"line":610,"column":42}},"loc":{"start":{"line":610,"column":52},"end":{"line":617,"column":5}},"line":610},"20":{"name":"(anonymous_20)","decl":{"start":{"line":620,"column":44},"end":{"line":620,"column":45}},"loc":{"start":{"line":620,"column":56},"end":{"line":623,"column":5}},"line":620},"21":{"name":"(anonymous_21)","decl":{"start":{"line":626,"column":43},"end":{"line":626,"column":44}},"loc":{"start":{"line":626,"column":55},"end":{"line":628,"column":5}},"line":626},"22":{"name":"(anonymous_22)","decl":{"start":{"line":632,"column":37},"end":{"line":632,"column":38}},"loc":{"start":{"line":632,"column":41},"end":{"line":652,"column":5}},"line":632},"23":{"name":"(anonymous_23)","decl":{"start":{"line":643,"column":47},"end":{"line":643,"column":48}},"loc":{"start":{"line":643,"column":51},"end":{"line":649,"column":9}},"line":643}},"branchMap":{"0":{"loc":{"start":{"line":90,"column":8},"end":{"line":102,"column":9}},"type":"if","locations":[{"start":{"line":90,"column":8},"end":{"line":102,"column":9}},{"start":{"line":100,"column":12},"end":{"line":102,"column":9}}],"line":90},"1":{"loc":{"start":{"line":91,"column":12},"end":{"line":98,"column":13}},"type":"switch","locations":[{"start":{"line":92,"column":16},"end":{"line":93,"column":30}},{"start":{"line":94,"column":16},"end":{"line":95,"column":30}},{"start":{"line":96,"column":16},"end":{"line":97,"column":30}}],"line":91},"2":{"loc":{"start":{"line":112,"column":8},"end":{"line":116,"column":9}},"type":"if","locations":[{"start":{"line":112,"column":8},"end":{"line":116,"column":9}},{"start":{"line":114,"column":13},"end":{"line":116,"column":9}}],"line":112},"3":{"loc":{"start":{"line":121,"column":4},"end":{"line":126,"column":5}},"type":"if","locations":[{"start":{"line":121,"column":4},"end":{"line":126,"column":5}},{"start":{"line":124,"column":8},"end":{"line":126,"column":5}}],"line":121},"4":{"loc":{"start":{"line":215,"column":41},"end":{"line":215,"column":59}},"type":"binary-expr","locations":[{"start":{"line":215,"column":41},"end":{"line":215,"column":51}},{"start":{"line":215,"column":55},"end":{"line":215,"column":59}}],"line":215},"5":{"loc":{"start":{"line":273,"column":4},"end":{"line":275,"column":5}},"type":"if","locations":[{"start":{"line":273,"column":4},"end":{"line":275,"column":5}},{"start":{},"end":{}}],"line":273},"6":{"loc":{"start":{"line":293,"column":8},"end":{"line":295,"column":9}},"type":"if","locations":[{"start":{"line":293,"column":8},"end":{"line":295,"column":9}},{"start":{},"end":{}}],"line":293},"7":{"loc":{"start":{"line":311,"column":4},"end":{"line":367,"column":23}},"type":"if","locations":[{"start":{"line":311,"column":4},"end":{"line":367,"column":23}},{"start":{"line":324,"column":9},"end":{"line":367,"column":23}}],"line":311},"8":{"loc":{"start":{"line":312,"column":8},"end":{"line":321,"column":27}},"type":"if","locations":[{"start":{"line":312,"column":8},"end":{"line":321,"column":27}},{"start":{"line":315,"column":13},"end":{"line":321,"column":27}}],"line":312},"9":{"loc":{"start":{"line":312,"column":11},"end":{"line":312,"column":33}},"type":"binary-expr","locations":[{"start":{"line":312,"column":11},"end":{"line":312,"column":20}},{"start":{"line":312,"column":24},"end":{"line":312,"column":33}}],"line":312},"10":{"loc":{"start":{"line":315,"column":13},"end":{"line":321,"column":27}},"type":"if","locations":[{"start":{"line":315,"column":13},"end":{"line":321,"column":27}},{"start":{"line":318,"column":13},"end":{"line":321,"column":27}}],"line":315},"11":{"loc":{"start":{"line":315,"column":16},"end":{"line":315,"column":38}},"type":"binary-expr","locations":[{"start":{"line":315,"column":16},"end":{"line":315,"column":25}},{"start":{"line":315,"column":29},"end":{"line":315,"column":38}}],"line":315},"12":{"loc":{"start":{"line":318,"column":13},"end":{"line":321,"column":27}},"type":"if","locations":[{"start":{"line":318,"column":13},"end":{"line":321,"column":27}},{"start":{"line":321,"column":12},"end":{"line":321,"column":27}}],"line":318},"13":{"loc":{"start":{"line":318,"column":16},"end":{"line":318,"column":38}},"type":"binary-expr","locations":[{"start":{"line":318,"column":16},"end":{"line":318,"column":25}},{"start":{"line":318,"column":29},"end":{"line":318,"column":38}}],"line":318},"14":{"loc":{"start":{"line":324,"column":9},"end":{"line":367,"column":23}},"type":"if","locations":[{"start":{"line":324,"column":9},"end":{"line":367,"column":23}},{"start":{"line":337,"column":9},"end":{"line":367,"column":23}}],"line":324},"15":{"loc":{"start":{"line":325,"column":8},"end":{"line":334,"column":27}},"type":"if","locations":[{"start":{"line":325,"column":8},"end":{"line":334,"column":27}},{"start":{"line":328,"column":13},"end":{"line":334,"column":27}}],"line":325},"16":{"loc":{"start":{"line":325,"column":11},"end":{"line":325,"column":33}},"type":"binary-expr","locations":[{"start":{"line":325,"column":11},"end":{"line":325,"column":20}},{"start":{"line":325,"column":24},"end":{"line":325,"column":33}}],"line":325},"17":{"loc":{"start":{"line":328,"column":13},"end":{"line":334,"column":27}},"type":"if","locations":[{"start":{"line":328,"column":13},"end":{"line":334,"column":27}},{"start":{"line":331,"column":13},"end":{"line":334,"column":27}}],"line":328},"18":{"loc":{"start":{"line":328,"column":16},"end":{"line":328,"column":38}},"type":"binary-expr","locations":[{"start":{"line":328,"column":16},"end":{"line":328,"column":25}},{"start":{"line":328,"column":29},"end":{"line":328,"column":38}}],"line":328},"19":{"loc":{"start":{"line":331,"column":13},"end":{"line":334,"column":27}},"type":"if","locations":[{"start":{"line":331,"column":13},"end":{"line":334,"column":27}},{"start":{"line":334,"column":12},"end":{"line":334,"column":27}}],"line":331},"20":{"loc":{"start":{"line":331,"column":16},"end":{"line":331,"column":38}},"type":"binary-expr","locations":[{"start":{"line":331,"column":16},"end":{"line":331,"column":25}},{"start":{"line":331,"column":29},"end":{"line":331,"column":38}}],"line":331},"21":{"loc":{"start":{"line":337,"column":9},"end":{"line":367,"column":23}},"type":"if","locations":[{"start":{"line":337,"column":9},"end":{"line":367,"column":23}},{"start":{"line":347,"column":9},"end":{"line":367,"column":23}}],"line":337},"22":{"loc":{"start":{"line":338,"column":8},"end":{"line":344,"column":27}},"type":"if","locations":[{"start":{"line":338,"column":8},"end":{"line":344,"column":27}},{"start":{"line":341,"column":13},"end":{"line":344,"column":27}}],"line":338},"23":{"loc":{"start":{"line":338,"column":11},"end":{"line":338,"column":33}},"type":"binary-expr","locations":[{"start":{"line":338,"column":11},"end":{"line":338,"column":20}},{"start":{"line":338,"column":24},"end":{"line":338,"column":33}}],"line":338},"24":{"loc":{"start":{"line":341,"column":13},"end":{"line":344,"column":27}},"type":"if","locations":[{"start":{"line":341,"column":13},"end":{"line":344,"column":27}},{"start":{"line":344,"column":12},"end":{"line":344,"column":27}}],"line":341},"25":{"loc":{"start":{"line":341,"column":16},"end":{"line":341,"column":38}},"type":"binary-expr","locations":[{"start":{"line":341,"column":16},"end":{"line":341,"column":25}},{"start":{"line":341,"column":29},"end":{"line":341,"column":38}}],"line":341},"26":{"loc":{"start":{"line":347,"column":9},"end":{"line":367,"column":23}},"type":"if","locations":[{"start":{"line":347,"column":9},"end":{"line":367,"column":23}},{"start":{"line":354,"column":9},"end":{"line":367,"column":23}}],"line":347},"27":{"loc":{"start":{"line":348,"column":8},"end":{"line":351,"column":27}},"type":"if","locations":[{"start":{"line":348,"column":8},"end":{"line":351,"column":27}},{"start":{"line":349,"column":13},"end":{"line":351,"column":27}}],"line":348},"28":{"loc":{"start":{"line":348,"column":11},"end":{"line":348,"column":33}},"type":"binary-expr","locations":[{"start":{"line":348,"column":11},"end":{"line":348,"column":20}},{"start":{"line":348,"column":24},"end":{"line":348,"column":33}}],"line":348},"29":{"loc":{"start":{"line":349,"column":13},"end":{"line":351,"column":27}},"type":"if","locations":[{"start":{"line":349,"column":13},"end":{"line":351,"column":27}},{"start":{"line":350,"column":13},"end":{"line":351,"column":27}}],"line":349},"30":{"loc":{"start":{"line":349,"column":16},"end":{"line":349,"column":38}},"type":"binary-expr","locations":[{"start":{"line":349,"column":16},"end":{"line":349,"column":25}},{"start":{"line":349,"column":29},"end":{"line":349,"column":38}}],"line":349},"31":{"loc":{"start":{"line":350,"column":13},"end":{"line":351,"column":27}},"type":"if","locations":[{"start":{"line":350,"column":13},"end":{"line":351,"column":27}},{"start":{"line":351,"column":12},"end":{"line":351,"column":27}}],"line":350},"32":{"loc":{"start":{"line":350,"column":16},"end":{"line":350,"column":38}},"type":"binary-expr","locations":[{"start":{"line":350,"column":16},"end":{"line":350,"column":25}},{"start":{"line":350,"column":29},"end":{"line":350,"column":38}}],"line":350},"33":{"loc":{"start":{"line":354,"column":9},"end":{"line":367,"column":23}},"type":"if","locations":[{"start":{"line":354,"column":9},"end":{"line":367,"column":23}},{"start":{"line":362,"column":9},"end":{"line":367,"column":23}}],"line":354},"34":{"loc":{"start":{"line":355,"column":8},"end":{"line":358,"column":27}},"type":"if","locations":[{"start":{"line":355,"column":8},"end":{"line":358,"column":27}},{"start":{"line":356,"column":13},"end":{"line":358,"column":27}}],"line":355},"35":{"loc":{"start":{"line":355,"column":11},"end":{"line":355,"column":33}},"type":"binary-expr","locations":[{"start":{"line":355,"column":11},"end":{"line":355,"column":20}},{"start":{"line":355,"column":24},"end":{"line":355,"column":33}}],"line":355},"36":{"loc":{"start":{"line":356,"column":13},"end":{"line":358,"column":27}},"type":"if","locations":[{"start":{"line":356,"column":13},"end":{"line":358,"column":27}},{"start":{"line":357,"column":13},"end":{"line":358,"column":27}}],"line":356},"37":{"loc":{"start":{"line":356,"column":16},"end":{"line":356,"column":38}},"type":"binary-expr","locations":[{"start":{"line":356,"column":16},"end":{"line":356,"column":25}},{"start":{"line":356,"column":29},"end":{"line":356,"column":38}}],"line":356},"38":{"loc":{"start":{"line":357,"column":13},"end":{"line":358,"column":27}},"type":"if","locations":[{"start":{"line":357,"column":13},"end":{"line":358,"column":27}},{"start":{"line":358,"column":12},"end":{"line":358,"column":27}}],"line":357},"39":{"loc":{"start":{"line":357,"column":16},"end":{"line":357,"column":38}},"type":"binary-expr","locations":[{"start":{"line":357,"column":16},"end":{"line":357,"column":25}},{"start":{"line":357,"column":29},"end":{"line":357,"column":38}}],"line":357},"40":{"loc":{"start":{"line":362,"column":9},"end":{"line":367,"column":23}},"type":"if","locations":[{"start":{"line":362,"column":9},"end":{"line":367,"column":23}},{"start":{"line":367,"column":8},"end":{"line":367,"column":23}}],"line":362},"41":{"loc":{"start":{"line":363,"column":8},"end":{"line":365,"column":27}},"type":"if","locations":[{"start":{"line":363,"column":8},"end":{"line":365,"column":27}},{"start":{"line":364,"column":13},"end":{"line":365,"column":27}}],"line":363},"42":{"loc":{"start":{"line":363,"column":11},"end":{"line":363,"column":33}},"type":"binary-expr","locations":[{"start":{"line":363,"column":11},"end":{"line":363,"column":20}},{"start":{"line":363,"column":24},"end":{"line":363,"column":33}}],"line":363},"43":{"loc":{"start":{"line":364,"column":13},"end":{"line":365,"column":27}},"type":"if","locations":[{"start":{"line":364,"column":13},"end":{"line":365,"column":27}},{"start":{"line":365,"column":12},"end":{"line":365,"column":27}}],"line":364},"44":{"loc":{"start":{"line":364,"column":16},"end":{"line":364,"column":38}},"type":"binary-expr","locations":[{"start":{"line":364,"column":16},"end":{"line":364,"column":25}},{"start":{"line":364,"column":29},"end":{"line":364,"column":38}}],"line":364},"45":{"loc":{"start":{"line":372,"column":4},"end":{"line":433,"column":23}},"type":"if","locations":[{"start":{"line":372,"column":4},"end":{"line":433,"column":23}},{"start":{"line":385,"column":9},"end":{"line":433,"column":23}}],"line":372},"46":{"loc":{"start":{"line":373,"column":8},"end":{"line":382,"column":27}},"type":"if","locations":[{"start":{"line":373,"column":8},"end":{"line":382,"column":27}},{"start":{"line":376,"column":13},"end":{"line":382,"column":27}}],"line":373},"47":{"loc":{"start":{"line":373,"column":11},"end":{"line":373,"column":33}},"type":"binary-expr","locations":[{"start":{"line":373,"column":11},"end":{"line":373,"column":20}},{"start":{"line":373,"column":24},"end":{"line":373,"column":33}}],"line":373},"48":{"loc":{"start":{"line":376,"column":13},"end":{"line":382,"column":27}},"type":"if","locations":[{"start":{"line":376,"column":13},"end":{"line":382,"column":27}},{"start":{"line":379,"column":13},"end":{"line":382,"column":27}}],"line":376},"49":{"loc":{"start":{"line":376,"column":16},"end":{"line":376,"column":38}},"type":"binary-expr","locations":[{"start":{"line":376,"column":16},"end":{"line":376,"column":25}},{"start":{"line":376,"column":29},"end":{"line":376,"column":38}}],"line":376},"50":{"loc":{"start":{"line":379,"column":13},"end":{"line":382,"column":27}},"type":"if","locations":[{"start":{"line":379,"column":13},"end":{"line":382,"column":27}},{"start":{"line":382,"column":12},"end":{"line":382,"column":27}}],"line":379},"51":{"loc":{"start":{"line":379,"column":16},"end":{"line":379,"column":38}},"type":"binary-expr","locations":[{"start":{"line":379,"column":16},"end":{"line":379,"column":25}},{"start":{"line":379,"column":29},"end":{"line":379,"column":38}}],"line":379},"52":{"loc":{"start":{"line":385,"column":9},"end":{"line":433,"column":23}},"type":"if","locations":[{"start":{"line":385,"column":9},"end":{"line":433,"column":23}},{"start":{"line":398,"column":9},"end":{"line":433,"column":23}}],"line":385},"53":{"loc":{"start":{"line":386,"column":8},"end":{"line":395,"column":27}},"type":"if","locations":[{"start":{"line":386,"column":8},"end":{"line":395,"column":27}},{"start":{"line":389,"column":13},"end":{"line":395,"column":27}}],"line":386},"54":{"loc":{"start":{"line":386,"column":11},"end":{"line":386,"column":33}},"type":"binary-expr","locations":[{"start":{"line":386,"column":11},"end":{"line":386,"column":20}},{"start":{"line":386,"column":24},"end":{"line":386,"column":33}}],"line":386},"55":{"loc":{"start":{"line":389,"column":13},"end":{"line":395,"column":27}},"type":"if","locations":[{"start":{"line":389,"column":13},"end":{"line":395,"column":27}},{"start":{"line":392,"column":13},"end":{"line":395,"column":27}}],"line":389},"56":{"loc":{"start":{"line":389,"column":16},"end":{"line":389,"column":38}},"type":"binary-expr","locations":[{"start":{"line":389,"column":16},"end":{"line":389,"column":25}},{"start":{"line":389,"column":29},"end":{"line":389,"column":38}}],"line":389},"57":{"loc":{"start":{"line":392,"column":13},"end":{"line":395,"column":27}},"type":"if","locations":[{"start":{"line":392,"column":13},"end":{"line":395,"column":27}},{"start":{"line":395,"column":12},"end":{"line":395,"column":27}}],"line":392},"58":{"loc":{"start":{"line":392,"column":16},"end":{"line":392,"column":38}},"type":"binary-expr","locations":[{"start":{"line":392,"column":16},"end":{"line":392,"column":25}},{"start":{"line":392,"column":29},"end":{"line":392,"column":38}}],"line":392},"59":{"loc":{"start":{"line":398,"column":9},"end":{"line":433,"column":23}},"type":"if","locations":[{"start":{"line":398,"column":9},"end":{"line":433,"column":23}},{"start":{"line":408,"column":9},"end":{"line":433,"column":23}}],"line":398},"60":{"loc":{"start":{"line":399,"column":8},"end":{"line":405,"column":27}},"type":"if","locations":[{"start":{"line":399,"column":8},"end":{"line":405,"column":27}},{"start":{"line":402,"column":13},"end":{"line":405,"column":27}}],"line":399},"61":{"loc":{"start":{"line":399,"column":11},"end":{"line":399,"column":33}},"type":"binary-expr","locations":[{"start":{"line":399,"column":11},"end":{"line":399,"column":20}},{"start":{"line":399,"column":24},"end":{"line":399,"column":33}}],"line":399},"62":{"loc":{"start":{"line":402,"column":13},"end":{"line":405,"column":27}},"type":"if","locations":[{"start":{"line":402,"column":13},"end":{"line":405,"column":27}},{"start":{"line":405,"column":12},"end":{"line":405,"column":27}}],"line":402},"63":{"loc":{"start":{"line":402,"column":16},"end":{"line":402,"column":38}},"type":"binary-expr","locations":[{"start":{"line":402,"column":16},"end":{"line":402,"column":25}},{"start":{"line":402,"column":29},"end":{"line":402,"column":38}}],"line":402},"64":{"loc":{"start":{"line":408,"column":9},"end":{"line":433,"column":23}},"type":"if","locations":[{"start":{"line":408,"column":9},"end":{"line":433,"column":23}},{"start":{"line":421,"column":9},"end":{"line":433,"column":23}}],"line":408},"65":{"loc":{"start":{"line":409,"column":8},"end":{"line":418,"column":27}},"type":"if","locations":[{"start":{"line":409,"column":8},"end":{"line":418,"column":27}},{"start":{"line":412,"column":13},"end":{"line":418,"column":27}}],"line":409},"66":{"loc":{"start":{"line":409,"column":11},"end":{"line":409,"column":33}},"type":"binary-expr","locations":[{"start":{"line":409,"column":11},"end":{"line":409,"column":20}},{"start":{"line":409,"column":24},"end":{"line":409,"column":33}}],"line":409},"67":{"loc":{"start":{"line":412,"column":13},"end":{"line":418,"column":27}},"type":"if","locations":[{"start":{"line":412,"column":13},"end":{"line":418,"column":27}},{"start":{"line":415,"column":13},"end":{"line":418,"column":27}}],"line":412},"68":{"loc":{"start":{"line":412,"column":16},"end":{"line":412,"column":38}},"type":"binary-expr","locations":[{"start":{"line":412,"column":16},"end":{"line":412,"column":25}},{"start":{"line":412,"column":29},"end":{"line":412,"column":38}}],"line":412},"69":{"loc":{"start":{"line":415,"column":13},"end":{"line":418,"column":27}},"type":"if","locations":[{"start":{"line":415,"column":13},"end":{"line":418,"column":27}},{"start":{"line":418,"column":12},"end":{"line":418,"column":27}}],"line":415},"70":{"loc":{"start":{"line":415,"column":16},"end":{"line":415,"column":38}},"type":"binary-expr","locations":[{"start":{"line":415,"column":16},"end":{"line":415,"column":25}},{"start":{"line":415,"column":29},"end":{"line":415,"column":38}}],"line":415},"71":{"loc":{"start":{"line":421,"column":9},"end":{"line":433,"column":23}},"type":"if","locations":[{"start":{"line":421,"column":9},"end":{"line":433,"column":23}},{"start":{"line":428,"column":9},"end":{"line":433,"column":23}}],"line":421},"72":{"loc":{"start":{"line":422,"column":8},"end":{"line":425,"column":27}},"type":"if","locations":[{"start":{"line":422,"column":8},"end":{"line":425,"column":27}},{"start":{"line":423,"column":13},"end":{"line":425,"column":27}}],"line":422},"73":{"loc":{"start":{"line":422,"column":11},"end":{"line":422,"column":33}},"type":"binary-expr","locations":[{"start":{"line":422,"column":11},"end":{"line":422,"column":20}},{"start":{"line":422,"column":24},"end":{"line":422,"column":33}}],"line":422},"74":{"loc":{"start":{"line":423,"column":13},"end":{"line":425,"column":27}},"type":"if","locations":[{"start":{"line":423,"column":13},"end":{"line":425,"column":27}},{"start":{"line":424,"column":13},"end":{"line":425,"column":27}}],"line":423},"75":{"loc":{"start":{"line":423,"column":16},"end":{"line":423,"column":38}},"type":"binary-expr","locations":[{"start":{"line":423,"column":16},"end":{"line":423,"column":25}},{"start":{"line":423,"column":29},"end":{"line":423,"column":38}}],"line":423},"76":{"loc":{"start":{"line":424,"column":13},"end":{"line":425,"column":27}},"type":"if","locations":[{"start":{"line":424,"column":13},"end":{"line":425,"column":27}},{"start":{"line":425,"column":12},"end":{"line":425,"column":27}}],"line":424},"77":{"loc":{"start":{"line":424,"column":16},"end":{"line":424,"column":38}},"type":"binary-expr","locations":[{"start":{"line":424,"column":16},"end":{"line":424,"column":25}},{"start":{"line":424,"column":29},"end":{"line":424,"column":38}}],"line":424},"78":{"loc":{"start":{"line":428,"column":9},"end":{"line":433,"column":23}},"type":"if","locations":[{"start":{"line":428,"column":9},"end":{"line":433,"column":23}},{"start":{"line":433,"column":8},"end":{"line":433,"column":23}}],"line":428},"79":{"loc":{"start":{"line":429,"column":8},"end":{"line":431,"column":27}},"type":"if","locations":[{"start":{"line":429,"column":8},"end":{"line":431,"column":27}},{"start":{"line":430,"column":13},"end":{"line":431,"column":27}}],"line":429},"80":{"loc":{"start":{"line":429,"column":11},"end":{"line":429,"column":33}},"type":"binary-expr","locations":[{"start":{"line":429,"column":11},"end":{"line":429,"column":20}},{"start":{"line":429,"column":24},"end":{"line":429,"column":33}}],"line":429},"81":{"loc":{"start":{"line":430,"column":13},"end":{"line":431,"column":27}},"type":"if","locations":[{"start":{"line":430,"column":13},"end":{"line":431,"column":27}},{"start":{"line":431,"column":12},"end":{"line":431,"column":27}}],"line":430},"82":{"loc":{"start":{"line":430,"column":16},"end":{"line":430,"column":38}},"type":"binary-expr","locations":[{"start":{"line":430,"column":16},"end":{"line":430,"column":25}},{"start":{"line":430,"column":29},"end":{"line":430,"column":38}}],"line":430},"83":{"loc":{"start":{"line":452,"column":41},"end":{"line":452,"column":102}},"type":"cond-expr","locations":[{"start":{"line":452,"column":86},"end":{"line":452,"column":92}},{"start":{"line":452,"column":95},"end":{"line":452,"column":102}}],"line":452},"84":{"loc":{"start":{"line":460,"column":4},"end":{"line":464,"column":5}},"type":"if","locations":[{"start":{"line":460,"column":4},"end":{"line":464,"column":5}},{"start":{"line":462,"column":11},"end":{"line":464,"column":5}}],"line":460},"85":{"loc":{"start":{"line":480,"column":12},"end":{"line":482,"column":13}},"type":"if","locations":[{"start":{"line":480,"column":12},"end":{"line":482,"column":13}},{"start":{},"end":{}}],"line":480},"86":{"loc":{"start":{"line":495,"column":12},"end":{"line":547,"column":13}},"type":"if","locations":[{"start":{"line":495,"column":12},"end":{"line":547,"column":13}},{"start":{"line":504,"column":17},"end":{"line":547,"column":13}}],"line":495},"87":{"loc":{"start":{"line":495,"column":15},"end":{"line":495,"column":29}},"type":"binary-expr","locations":[{"start":{"line":495,"column":15},"end":{"line":495,"column":20}},{"start":{"line":495,"column":24},"end":{"line":495,"column":29}}],"line":495},"88":{"loc":{"start":{"line":497,"column":16},"end":{"line":499,"column":17}},"type":"if","locations":[{"start":{"line":497,"column":16},"end":{"line":499,"column":17}},{"start":{},"end":{}}],"line":497},"89":{"loc":{"start":{"line":500,"column":16},"end":{"line":502,"column":17}},"type":"if","locations":[{"start":{"line":500,"column":16},"end":{"line":502,"column":17}},{"start":{},"end":{}}],"line":500},"90":{"loc":{"start":{"line":504,"column":17},"end":{"line":547,"column":13}},"type":"if","locations":[{"start":{"line":504,"column":17},"end":{"line":547,"column":13}},{"start":{"line":512,"column":17},"end":{"line":547,"column":13}}],"line":504},"91":{"loc":{"start":{"line":504,"column":20},"end":{"line":504,"column":35}},"type":"binary-expr","locations":[{"start":{"line":504,"column":20},"end":{"line":504,"column":25}},{"start":{"line":504,"column":29},"end":{"line":504,"column":35}}],"line":504},"92":{"loc":{"start":{"line":505,"column":16},"end":{"line":507,"column":17}},"type":"if","locations":[{"start":{"line":505,"column":16},"end":{"line":507,"column":17}},{"start":{},"end":{}}],"line":505},"93":{"loc":{"start":{"line":508,"column":16},"end":{"line":510,"column":17}},"type":"if","locations":[{"start":{"line":508,"column":16},"end":{"line":510,"column":17}},{"start":{},"end":{}}],"line":508},"94":{"loc":{"start":{"line":512,"column":17},"end":{"line":547,"column":13}},"type":"if","locations":[{"start":{"line":512,"column":17},"end":{"line":547,"column":13}},{"start":{"line":520,"column":17},"end":{"line":547,"column":13}}],"line":512},"95":{"loc":{"start":{"line":512,"column":20},"end":{"line":512,"column":44}},"type":"binary-expr","locations":[{"start":{"line":512,"column":20},"end":{"line":512,"column":26}},{"start":{"line":512,"column":30},"end":{"line":512,"column":35}},{"start":{"line":512,"column":39},"end":{"line":512,"column":44}}],"line":512},"96":{"loc":{"start":{"line":513,"column":16},"end":{"line":515,"column":17}},"type":"if","locations":[{"start":{"line":513,"column":16},"end":{"line":515,"column":17}},{"start":{},"end":{}}],"line":513},"97":{"loc":{"start":{"line":516,"column":16},"end":{"line":518,"column":17}},"type":"if","locations":[{"start":{"line":516,"column":16},"end":{"line":518,"column":17}},{"start":{},"end":{}}],"line":516},"98":{"loc":{"start":{"line":520,"column":17},"end":{"line":547,"column":13}},"type":"if","locations":[{"start":{"line":520,"column":17},"end":{"line":547,"column":13}},{"start":{"line":529,"column":17},"end":{"line":547,"column":13}}],"line":520},"99":{"loc":{"start":{"line":520,"column":20},"end":{"line":520,"column":43}},"type":"binary-expr","locations":[{"start":{"line":520,"column":20},"end":{"line":520,"column":26}},{"start":{"line":520,"column":30},"end":{"line":520,"column":35}},{"start":{"line":520,"column":39},"end":{"line":520,"column":43}}],"line":520},"100":{"loc":{"start":{"line":522,"column":16},"end":{"line":524,"column":17}},"type":"if","locations":[{"start":{"line":522,"column":16},"end":{"line":524,"column":17}},{"start":{},"end":{}}],"line":522},"101":{"loc":{"start":{"line":525,"column":16},"end":{"line":527,"column":17}},"type":"if","locations":[{"start":{"line":525,"column":16},"end":{"line":527,"column":17}},{"start":{},"end":{}}],"line":525},"102":{"loc":{"start":{"line":529,"column":17},"end":{"line":547,"column":13}},"type":"if","locations":[{"start":{"line":529,"column":17},"end":{"line":547,"column":13}},{"start":{"line":538,"column":17},"end":{"line":547,"column":13}}],"line":529},"103":{"loc":{"start":{"line":529,"column":20},"end":{"line":529,"column":35}},"type":"binary-expr","locations":[{"start":{"line":529,"column":20},"end":{"line":529,"column":26}},{"start":{"line":529,"column":30},"end":{"line":529,"column":35}}],"line":529},"104":{"loc":{"start":{"line":531,"column":16},"end":{"line":533,"column":17}},"type":"if","locations":[{"start":{"line":531,"column":16},"end":{"line":533,"column":17}},{"start":{},"end":{}}],"line":531},"105":{"loc":{"start":{"line":534,"column":16},"end":{"line":536,"column":17}},"type":"if","locations":[{"start":{"line":534,"column":16},"end":{"line":536,"column":17}},{"start":{},"end":{}}],"line":534},"106":{"loc":{"start":{"line":538,"column":17},"end":{"line":547,"column":13}},"type":"if","locations":[{"start":{"line":538,"column":17},"end":{"line":547,"column":13}},{"start":{},"end":{}}],"line":538},"107":{"loc":{"start":{"line":538,"column":20},"end":{"line":538,"column":35}},"type":"binary-expr","locations":[{"start":{"line":538,"column":20},"end":{"line":538,"column":26}},{"start":{"line":538,"column":30},"end":{"line":538,"column":35}}],"line":538},"108":{"loc":{"start":{"line":540,"column":16},"end":{"line":542,"column":17}},"type":"if","locations":[{"start":{"line":540,"column":16},"end":{"line":542,"column":17}},{"start":{},"end":{}}],"line":540},"109":{"loc":{"start":{"line":543,"column":16},"end":{"line":545,"column":17}},"type":"if","locations":[{"start":{"line":543,"column":16},"end":{"line":545,"column":17}},{"start":{},"end":{}}],"line":543},"110":{"loc":{"start":{"line":557,"column":64},"end":{"line":557,"column":86}},"type":"binary-expr","locations":[{"start":{"line":557,"column":64},"end":{"line":557,"column":73}},{"start":{"line":557,"column":77},"end":{"line":557,"column":86}}],"line":557},"111":{"loc":{"start":{"line":558,"column":12},"end":{"line":575,"column":13}},"type":"if","locations":[{"start":{"line":558,"column":12},"end":{"line":575,"column":13}},{"start":{},"end":{}}],"line":558},"112":{"loc":{"start":{"line":560,"column":16},"end":{"line":573,"column":17}},"type":"switch","locations":[{"start":{"line":561,"column":20},"end":{"line":563,"column":30}},{"start":{"line":564,"column":20},"end":{"line":566,"column":30}},{"start":{"line":567,"column":20},"end":{"line":569,"column":30}},{"start":{"line":570,"column":20},"end":{"line":572,"column":30}}],"line":560},"113":{"loc":{"start":{"line":576,"column":64},"end":{"line":576,"column":86}},"type":"binary-expr","locations":[{"start":{"line":576,"column":64},"end":{"line":576,"column":73}},{"start":{"line":576,"column":77},"end":{"line":576,"column":86}}],"line":576},"114":{"loc":{"start":{"line":577,"column":12},"end":{"line":594,"column":13}},"type":"if","locations":[{"start":{"line":577,"column":12},"end":{"line":594,"column":13}},{"start":{},"end":{}}],"line":577},"115":{"loc":{"start":{"line":579,"column":16},"end":{"line":592,"column":17}},"type":"switch","locations":[{"start":{"line":580,"column":20},"end":{"line":582,"column":30}},{"start":{"line":583,"column":20},"end":{"line":585,"column":30}},{"start":{"line":586,"column":20},"end":{"line":588,"column":30}},{"start":{"line":589,"column":20},"end":{"line":591,"column":30}}],"line":579}},"s":{"0":1,"1":1,"2":1,"3":1,"4":3,"5":3,"6":3,"7":18,"8":6,"9":3,"10":0,"11":3,"12":12,"13":3,"14":18,"15":3,"16":18,"17":7,"18":11,"19":3,"20":3,"21":2,"22":1,"23":3,"24":3,"25":3,"26":20,"27":20,"28":20,"29":3,"30":3,"31":3,"32":3,"33":1,"34":1,"35":1,"36":1,"37":2,"38":1,"39":1,"40":7,"41":7,"42":7,"43":20,"44":20,"45":20,"46":112,"47":20,"48":7,"49":1,"50":6,"51":6,"52":6,"53":6,"54":17,"55":6,"56":9,"57":1,"58":8,"59":8,"60":8,"61":23,"62":8,"63":1,"64":1,"65":1,"66":1,"67":1,"68":6,"69":4,"70":1,"71":1,"72":1,"73":3,"74":1,"75":1,"76":3,"77":1,"78":28,"79":5,"80":1,"81":4,"82":1,"83":3,"84":1,"85":2,"86":23,"87":5,"88":1,"89":4,"90":1,"91":3,"92":1,"93":2,"94":18,"95":4,"96":1,"97":3,"98":1,"99":2,"100":14,"101":5,"102":1,"103":4,"104":1,"105":3,"106":1,"107":2,"108":9,"109":5,"110":1,"111":4,"112":1,"113":3,"114":1,"115":2,"116":4,"117":4,"118":1,"119":3,"120":1,"121":2,"122":0,"123":28,"124":5,"125":1,"126":4,"127":1,"128":3,"129":1,"130":2,"131":23,"132":5,"133":1,"134":4,"135":1,"136":3,"137":1,"138":2,"139":18,"140":4,"141":1,"142":3,"143":1,"144":2,"145":14,"146":5,"147":1,"148":4,"149":1,"150":3,"151":1,"152":2,"153":9,"154":5,"155":1,"156":4,"157":1,"158":3,"159":1,"160":2,"161":4,"162":4,"163":1,"164":3,"165":1,"166":2,"167":0,"168":1,"169":0,"170":0,"171":0,"172":0,"173":0,"174":0,"175":0,"176":0,"177":0,"178":0,"179":0,"180":0,"181":0,"182":0,"183":0,"184":0,"185":0,"186":0,"187":0,"188":0,"189":0,"190":0,"191":0,"192":0,"193":0,"194":0,"195":0,"196":0,"197":0,"198":0,"199":0,"200":0,"201":0,"202":0,"203":0,"204":0,"205":0,"206":0,"207":0,"208":0,"209":0,"210":0,"211":0,"212":0,"213":0,"214":0,"215":0,"216":0,"217":0,"218":0,"219":0,"220":0,"221":0,"222":0,"223":0,"224":0,"225":0,"226":0,"227":0,"228":0,"229":0,"230":0,"231":0,"232":0,"233":0,"234":0,"235":0,"236":0,"237":0,"238":0,"239":0,"240":0,"241":0,"242":0,"243":0,"244":0,"245":0,"246":0,"247":0,"248":0,"249":0,"250":0,"251":0,"252":0,"253":0,"254":0,"255":0,"256":0,"257":0,"258":0,"259":0,"260":0,"261":0,"262":0,"263":0,"264":0,"265":0,"266":0,"267":0,"268":0,"269":0,"270":0,"271":0,"272":0,"273":0,"274":0,"275":0,"276":0,"277":0,"278":0,"279":0,"280":0,"281":0,"282":0,"283":0,"284":0,"285":0,"286":0,"287":0,"288":0,"289":0,"290":0,"291":0,"292":0,"293":0,"294":0,"295":0,"296":0,"297":0,"298":0,"299":0,"300":0,"301":0,"302":0,"303":0,"304":0,"305":0,"306":0,"307":0,"308":0,"309":0,"310":0,"311":0,"312":1},"f":{"0":3,"1":18,"2":18,"3":18,"4":1,"5":1,"6":1,"7":2,"8":1,"9":7,"10":6,"11":9,"12":1,"13":28,"14":28,"15":0,"16":0,"17":0,"18":0,"19":0,"20":0,"21":0,"22":0,"23":0},"b":{"0":[6,12],"1":[3,0,3],"2":[7,11],"3":[2,1],"4":[2,0],"5":[1,8],"6":[4,2],"7":[5,23],"8":[1,4],"9":[5,3],"10":[1,3],"11":[4,2],"12":[1,2],"13":[3,1],"14":[5,18],"15":[1,4],"16":[5,2],"17":[1,3],"18":[4,2],"19":[1,2],"20":[3,1],"21":[4,14],"22":[1,3],"23":[4,2],"24":[1,2],"25":[3,2],"26":[5,9],"27":[1,4],"28":[5,3],"29":[1,3],"30":[4,2],"31":[1,2],"32":[3,1],"33":[5,4],"34":[1,4],"35":[5,2],"36":[1,3],"37":[4,1],"38":[1,2],"39":[3,2],"40":[4,0],"41":[1,3],"42":[4,2],"43":[1,2],"44":[3,1],"45":[5,23],"46":[1,4],"47":[5,3],"48":[1,3],"49":[4,2],"50":[1,2],"51":[3,1],"52":[5,18],"53":[1,4],"54":[5,2],"55":[1,3],"56":[4,1],"57":[1,2],"58":[3,2],"59":[4,14],"60":[1,3],"61":[4,2],"62":[1,2],"63":[3,1],"64":[5,9],"65":[1,4],"66":[5,4],"67":[1,3],"68":[4,3],"69":[1,2],"70":[3,2],"71":[5,4],"72":[1,4],"73":[5,2],"74":[1,3],"75":[4,2],"76":[1,2],"77":[3,1],"78":[4,0],"79":[1,3],"80":[4,1],"81":[1,2],"82":[3,1],"83":[0,0],"84":[0,0],"85":[0,0],"86":[0,0],"87":[0,0],"88":[0,0],"89":[0,0],"90":[0,0],"91":[0,0],"92":[0,0],"93":[0,0],"94":[0,0],"95":[0,0,0],"96":[0,0],"97":[0,0],"98":[0,0],"99":[0,0,0],"100":[0,0],"101":[0,0],"102":[0,0],"103":[0,0],"104":[0,0],"105":[0,0],"106":[0,0],"107":[0,0],"108":[0,0],"109":[0,0],"110":[0,0],"111":[0,0],"112":[0,0,0,0],"113":[0,0],"114":[0,0],"115":[0,0,0,0]},"_coverageSchema":"1a1c01bbd47fc00a2c39e90264f33305004495a9","hash":"5dbf894d4ab26e1b1c0657284099ab47030f9e60"}
,"C:\\Users\\james\\OneDrive - University of Witwatersrand\\SD\\Cryptid Web App\\Cryptid-Web-App\\test\\login-validation.js": {"path":"C:\\Users\\james\\OneDrive - University of Witwatersrand\\SD\\Cryptid Web App\\Cryptid-Web-App\\test\\login-validation.js","statementMap":{"0":{"start":{"line":2,"column":23},"end":{"line":2,"column":45}},"1":{"start":{"line":3,"column":23},"end":{"line":3,"column":44}},"2":{"start":{"line":4,"column":19},"end":{"line":4,"column":40}},"3":{"start":{"line":5,"column":6},"end":{"line":5,"column":25}},"4":{"start":{"line":12,"column":28},"end":{"line":12,"column":40}},"5":{"start":{"line":14,"column":28},"end":{"line":17,"column":11}},"6":{"start":{"line":15,"column":12},"end":{"line":16,"column":67}},"7":{"start":{"line":20,"column":10},"end":{"line":20,"column":27}},"8":{"start":{"line":24,"column":18},"end":{"line":24,"column":50}},"9":{"start":{"line":25,"column":6},"end":{"line":25,"column":43}},"10":{"start":{"line":26,"column":6},"end":{"line":29,"column":7}},"11":{"start":{"line":27,"column":10},"end":{"line":27,"column":59}},"12":{"start":{"line":28,"column":10},"end":{"line":28,"column":72}},"13":{"start":{"line":33,"column":18},"end":{"line":33,"column":62}},"14":{"start":{"line":34,"column":6},"end":{"line":34,"column":43}},"15":{"start":{"line":35,"column":6},"end":{"line":38,"column":7}},"16":{"start":{"line":36,"column":10},"end":{"line":36,"column":59}},"17":{"start":{"line":37,"column":10},"end":{"line":37,"column":72}},"18":{"start":{"line":42,"column":18},"end":{"line":42,"column":50}},"19":{"start":{"line":43,"column":30},"end":{"line":43,"column":74}},"20":{"start":{"line":47,"column":6},"end":{"line":60,"column":11}},"21":{"start":{"line":49,"column":10},"end":{"line":55,"column":13}},"22":{"start":{"line":51,"column":14},"end":{"line":51,"column":60}},"23":{"start":{"line":54,"column":14},"end":{"line":54,"column":48}},"24":{"start":{"line":58,"column":10},"end":{"line":58,"column":60}},"25":{"start":{"line":59,"column":10},"end":{"line":59,"column":23}},"26":{"start":{"line":62,"column":6},"end":{"line":62,"column":18}},"27":{"start":{"line":66,"column":23},"end":{"line":66,"column":64}},"28":{"start":{"line":67,"column":23},"end":{"line":67,"column":64}},"29":{"start":{"line":69,"column":22},"end":{"line":69,"column":58}},"30":{"start":{"line":71,"column":6},"end":{"line":73,"column":7}},"31":{"start":{"line":72,"column":8},"end":{"line":72,"column":21}},"32":{"start":{"line":75,"column":6},"end":{"line":75,"column":18}},"33":{"start":{"line":79,"column":2},"end":{"line":83,"column":3}}},"fnMap":{"0":{"name":"list","decl":{"start":{"line":1,"column":17},"end":{"line":1,"column":21}},"loc":{"start":{"line":1,"column":24},"end":{"line":6,"column":5}},"line":1},"1":{"name":"findUser","decl":{"start":{"line":11,"column":19},"end":{"line":11,"column":27}},"loc":{"start":{"line":11,"column":48},"end":{"line":21,"column":7}},"line":11},"2":{"name":"(anonymous_2)","decl":{"start":{"line":14,"column":43},"end":{"line":14,"column":44}},"loc":{"start":{"line":15,"column":12},"end":{"line":16,"column":67}},"line":15},"3":{"name":"closeSlide","decl":{"start":{"line":23,"column":13},"end":{"line":23,"column":23}},"loc":{"start":{"line":23,"column":25},"end":{"line":30,"column":5}},"line":23},"4":{"name":"closeSlideUserNotFound","decl":{"start":{"line":32,"column":13},"end":{"line":32,"column":35}},"loc":{"start":{"line":32,"column":37},"end":{"line":39,"column":5}},"line":32},"5":{"name":"login_validation","decl":{"start":{"line":41,"column":13},"end":{"line":41,"column":29}},"loc":{"start":{"line":41,"column":49},"end":{"line":63,"column":5}},"line":41},"6":{"name":"(anonymous_6)","decl":{"start":{"line":48,"column":14},"end":{"line":48,"column":15}},"loc":{"start":{"line":48,"column":27},"end":{"line":56,"column":9}},"line":48},"7":{"name":"(anonymous_7)","decl":{"start":{"line":57,"column":15},"end":{"line":57,"column":16}},"loc":{"start":{"line":57,"column":24},"end":{"line":60,"column":9}},"line":57},"8":{"name":"validateLogin","decl":{"start":{"line":65,"column":13},"end":{"line":65,"column":26}},"loc":{"start":{"line":65,"column":29},"end":{"line":77,"column":3}},"line":65}},"branchMap":{"0":{"loc":{"start":{"line":15,"column":12},"end":{"line":16,"column":67}},"type":"binary-expr","locations":[{"start":{"line":15,"column":13},"end":{"line":15,"column":39}},{"start":{"line":15,"column":43},"end":{"line":15,"column":69}},{"start":{"line":16,"column":13},"end":{"line":16,"column":36}},{"start":{"line":16,"column":40},"end":{"line":16,"column":66}}],"line":15},"1":{"loc":{"start":{"line":26,"column":6},"end":{"line":29,"column":7}},"type":"if","locations":[{"start":{"line":26,"column":6},"end":{"line":29,"column":7}},{"start":{},"end":{}}],"line":26},"2":{"loc":{"start":{"line":35,"column":6},"end":{"line":38,"column":7}},"type":"if","locations":[{"start":{"line":35,"column":6},"end":{"line":38,"column":7}},{"start":{},"end":{}}],"line":35},"3":{"loc":{"start":{"line":49,"column":10},"end":{"line":55,"column":13}},"type":"if","locations":[{"start":{"line":49,"column":10},"end":{"line":55,"column":13}},{"start":{"line":52,"column":19},"end":{"line":55,"column":13}}],"line":49},"4":{"loc":{"start":{"line":71,"column":6},"end":{"line":73,"column":7}},"type":"if","locations":[{"start":{"line":71,"column":6},"end":{"line":73,"column":7}},{"start":{},"end":{}}],"line":71}},"s":{"0":7,"1":7,"2":6,"3":6,"4":5,"5":5,"6":8,"7":5,"8":0,"9":0,"10":0,"11":0,"12":0,"13":0,"14":0,"15":0,"16":0,"17":0,"18":2,"19":2,"20":2,"21":2,"22":2,"23":0,"24":0,"25":0,"26":2,"27":0,"28":0,"29":0,"30":0,"31":0,"32":0,"33":1},"f":{"0":7,"1":5,"2":8,"3":0,"4":0,"5":2,"6":2,"7":0,"8":0},"b":{"0":[8,1,7,1],"1":[0,0],"2":[0,0],"3":[2,0],"4":[0,0]},"_coverageSchema":"1a1c01bbd47fc00a2c39e90264f33305004495a9","hash":"0ab01f9be0f769498f22d5b79ae0953c78ba30c3"}
,"C:\\Users\\james\\OneDrive - University of Witwatersrand\\SD\\Cryptid Web App\\Cryptid-Web-App\\test\\runGame.js": {"path":"C:\\Users\\james\\OneDrive - University of Witwatersrand\\SD\\Cryptid Web App\\Cryptid-Web-App\\test\\runGame.js","statementMap":{"0":{"start":{"line":3,"column":8},"end":{"line":3,"column":37}},"1":{"start":{"line":4,"column":8},"end":{"line":4,"column":28}},"2":{"start":{"line":5,"column":8},"end":{"line":5,"column":84}},"3":{"start":{"line":5,"column":73},"end":{"line":5,"column":82}},"4":{"start":{"line":6,"column":8},"end":{"line":6,"column":84}},"5":{"start":{"line":6,"column":73},"end":{"line":6,"column":82}},"6":{"start":{"line":7,"column":8},"end":{"line":7,"column":27}},"7":{"start":{"line":8,"column":8},"end":{"line":8,"column":25}},"8":{"start":{"line":13,"column":8},"end":{"line":13,"column":30}},"9":{"start":{"line":18,"column":8},"end":{"line":18,"column":31}},"10":{"start":{"line":23,"column":8},"end":{"line":28,"column":9}},"11":{"start":{"line":24,"column":12},"end":{"line":24,"column":30}},"12":{"start":{"line":27,"column":12},"end":{"line":27,"column":32}},"13":{"start":{"line":33,"column":8},"end":{"line":33,"column":33}},"14":{"start":{"line":40,"column":8},"end":{"line":40,"column":41}},"15":{"start":{"line":41,"column":8},"end":{"line":41,"column":45}},"16":{"start":{"line":46,"column":23},"end":{"line":46,"column":46}},"17":{"start":{"line":47,"column":8},"end":{"line":68,"column":11}},"18":{"start":{"line":48,"column":12},"end":{"line":67,"column":15}},"19":{"start":{"line":49,"column":28},"end":{"line":49,"column":58}},"20":{"start":{"line":50,"column":37},"end":{"line":65,"column":17}},"21":{"start":{"line":51,"column":20},"end":{"line":64,"column":21}},"22":{"start":{"line":53,"column":24},"end":{"line":58,"column":25}},"23":{"start":{"line":54,"column":28},"end":{"line":54,"column":43}},"24":{"start":{"line":55,"column":28},"end":{"line":55,"column":53}},"25":{"start":{"line":56,"column":31},"end":{"line":58,"column":25}},"26":{"start":{"line":57,"column":28},"end":{"line":57,"column":69}},"27":{"start":{"line":60,"column":24},"end":{"line":60,"column":71}},"28":{"start":{"line":61,"column":24},"end":{"line":61,"column":40}},"29":{"start":{"line":63,"column":24},"end":{"line":63,"column":38}},"30":{"start":{"line":66,"column":16},"end":{"line":66,"column":60}},"31":{"start":{"line":73,"column":8},"end":{"line":83,"column":11}},"32":{"start":{"line":74,"column":40},"end":{"line":74,"column":86}},"33":{"start":{"line":75,"column":33},"end":{"line":80,"column":13}},"34":{"start":{"line":76,"column":38},"end":{"line":76,"column":77}},"35":{"start":{"line":77,"column":38},"end":{"line":77,"column":57}},"36":{"start":{"line":78,"column":16},"end":{"line":78,"column":79}},"37":{"start":{"line":79,"column":16},"end":{"line":79,"column":39}},"38":{"start":{"line":82,"column":12},"end":{"line":82,"column":72}},"39":{"start":{"line":88,"column":26},"end":{"line":88,"column":44}},"40":{"start":{"line":89,"column":8},"end":{"line":100,"column":11}},"41":{"start":{"line":90,"column":33},"end":{"line":94,"column":13}},"42":{"start":{"line":91,"column":40},"end":{"line":91,"column":55}},"43":{"start":{"line":92,"column":16},"end":{"line":92,"column":112}},"44":{"start":{"line":92,"column":40},"end":{"line":92,"column":110}},"45":{"start":{"line":93,"column":16},"end":{"line":93,"column":41}},"46":{"start":{"line":96,"column":12},"end":{"line":99,"column":15}},"47":{"start":{"line":97,"column":31},"end":{"line":97,"column":58}},"48":{"start":{"line":98,"column":16},"end":{"line":98,"column":63}},"49":{"start":{"line":106,"column":8},"end":{"line":106,"column":65}},"50":{"start":{"line":107,"column":8},"end":{"line":107,"column":68}},"51":{"start":{"line":110,"column":21},"end":{"line":110,"column":60}},"52":{"start":{"line":111,"column":8},"end":{"line":111,"column":41}},"53":{"start":{"line":112,"column":27},"end":{"line":112,"column":52}},"54":{"start":{"line":115,"column":8},"end":{"line":115,"column":37}},"55":{"start":{"line":116,"column":8},"end":{"line":116,"column":49}},"56":{"start":{"line":117,"column":8},"end":{"line":117,"column":79}},"57":{"start":{"line":118,"column":8},"end":{"line":118,"column":30}},"58":{"start":{"line":119,"column":30},"end":{"line":119,"column":69}},"59":{"start":{"line":120,"column":8},"end":{"line":120,"column":45}},"60":{"start":{"line":122,"column":8},"end":{"line":165,"column":9}},"61":{"start":{"line":124,"column":34},"end":{"line":124,"column":67}},"62":{"start":{"line":125,"column":27},"end":{"line":125,"column":54}},"63":{"start":{"line":127,"column":12},"end":{"line":127,"column":114}},"64":{"start":{"line":129,"column":12},"end":{"line":129,"column":53}},"65":{"start":{"line":130,"column":12},"end":{"line":130,"column":61}},"66":{"start":{"line":131,"column":12},"end":{"line":131,"column":47}},"67":{"start":{"line":132,"column":12},"end":{"line":132,"column":82}},"68":{"start":{"line":135,"column":12},"end":{"line":135,"column":92}},"69":{"start":{"line":136,"column":12},"end":{"line":136,"column":70}},"70":{"start":{"line":137,"column":12},"end":{"line":137,"column":69}},"71":{"start":{"line":139,"column":36},"end":{"line":139,"column":68}},"72":{"start":{"line":140,"column":12},"end":{"line":140,"column":69}},"73":{"start":{"line":141,"column":12},"end":{"line":141,"column":68}},"74":{"start":{"line":143,"column":12},"end":{"line":160,"column":13}},"75":{"start":{"line":145,"column":16},"end":{"line":145,"column":110}},"76":{"start":{"line":146,"column":16},"end":{"line":146,"column":88}},"77":{"start":{"line":147,"column":16},"end":{"line":147,"column":62}},"78":{"start":{"line":151,"column":16},"end":{"line":151,"column":109}},"79":{"start":{"line":152,"column":16},"end":{"line":152,"column":62}},"80":{"start":{"line":153,"column":16},"end":{"line":153,"column":88}},"81":{"start":{"line":154,"column":16},"end":{"line":154,"column":65}},"82":{"start":{"line":156,"column":16},"end":{"line":156,"column":108}},"83":{"start":{"line":157,"column":16},"end":{"line":157,"column":57}},"84":{"start":{"line":158,"column":16},"end":{"line":158,"column":79}},"85":{"start":{"line":159,"column":16},"end":{"line":159,"column":111}},"86":{"start":{"line":164,"column":12},"end":{"line":164,"column":43}},"87":{"start":{"line":167,"column":8},"end":{"line":167,"column":33}},"88":{"start":{"line":172,"column":8},"end":{"line":187,"column":11}},"89":{"start":{"line":173,"column":33},"end":{"line":173,"column":69}},"90":{"start":{"line":175,"column":33},"end":{"line":183,"column":13}},"91":{"start":{"line":176,"column":37},"end":{"line":176,"column":52}},"92":{"start":{"line":177,"column":16},"end":{"line":182,"column":17}},"93":{"start":{"line":178,"column":20},"end":{"line":178,"column":76}},"94":{"start":{"line":179,"column":20},"end":{"line":179,"column":42}},"95":{"start":{"line":181,"column":20},"end":{"line":181,"column":47}},"96":{"start":{"line":186,"column":12},"end":{"line":186,"column":65}},"97":{"start":{"line":192,"column":21},"end":{"line":192,"column":60}},"98":{"start":{"line":193,"column":29},"end":{"line":193,"column":65}},"99":{"start":{"line":194,"column":8},"end":{"line":212,"column":9}},"100":{"start":{"line":194,"column":19},"end":{"line":194,"column":20}},"101":{"start":{"line":195,"column":12},"end":{"line":211,"column":13}},"102":{"start":{"line":196,"column":16},"end":{"line":196,"column":104}},"103":{"start":{"line":197,"column":16},"end":{"line":197,"column":65}},"104":{"start":{"line":198,"column":37},"end":{"line":198,"column":62}},"105":{"start":{"line":199,"column":16},"end":{"line":199,"column":110}},"106":{"start":{"line":200,"column":26},"end":{"line":200,"column":63}},"107":{"start":{"line":202,"column":16},"end":{"line":204,"column":17}},"108":{"start":{"line":203,"column":20},"end":{"line":203,"column":83}},"109":{"start":{"line":207,"column":16},"end":{"line":207,"column":47}},"110":{"start":{"line":208,"column":16},"end":{"line":208,"column":77}},"111":{"start":{"line":210,"column":16},"end":{"line":210,"column":47}},"112":{"start":{"line":213,"column":8},"end":{"line":213,"column":57}},"113":{"start":{"line":218,"column":32},"end":{"line":218,"column":75}},"114":{"start":{"line":219,"column":33},"end":{"line":219,"column":77}},"115":{"start":{"line":220,"column":8},"end":{"line":220,"column":59}},"116":{"start":{"line":221,"column":8},"end":{"line":221,"column":69}},"117":{"start":{"line":222,"column":8},"end":{"line":222,"column":48}},"118":{"start":{"line":227,"column":30},"end":{"line":227,"column":69}},"119":{"start":{"line":230,"column":8},"end":{"line":232,"column":9}},"120":{"start":{"line":231,"column":12},"end":{"line":231,"column":64}},"121":{"start":{"line":234,"column":24},"end":{"line":235,"column":95}},"122":{"start":{"line":234,"column":96},"end":{"line":234,"column":105}},"123":{"start":{"line":235,"column":46},"end":{"line":235,"column":94}},"124":{"start":{"line":237,"column":8},"end":{"line":242,"column":11}},"125":{"start":{"line":238,"column":27},"end":{"line":238,"column":59}},"126":{"start":{"line":239,"column":12},"end":{"line":239,"column":33}},"127":{"start":{"line":240,"column":12},"end":{"line":240,"column":39}},"128":{"start":{"line":241,"column":12},"end":{"line":241,"column":46}},"129":{"start":{"line":246,"column":8},"end":{"line":246,"column":65}},"130":{"start":{"line":251,"column":33},"end":{"line":251,"column":66}},"131":{"start":{"line":252,"column":21},"end":{"line":252,"column":25}},"132":{"start":{"line":254,"column":8},"end":{"line":254,"column":65}},"133":{"start":{"line":255,"column":8},"end":{"line":255,"column":68}},"134":{"start":{"line":257,"column":21},"end":{"line":257,"column":60}},"135":{"start":{"line":258,"column":8},"end":{"line":258,"column":57}},"136":{"start":{"line":260,"column":8},"end":{"line":309,"column":9}},"137":{"start":{"line":261,"column":30},"end":{"line":261,"column":55}},"138":{"start":{"line":262,"column":12},"end":{"line":262,"column":93}},"139":{"start":{"line":263,"column":12},"end":{"line":263,"column":40}},"140":{"start":{"line":266,"column":12},"end":{"line":266,"column":43}},"141":{"start":{"line":267,"column":12},"end":{"line":267,"column":61}},"142":{"start":{"line":269,"column":12},"end":{"line":305,"column":13}},"143":{"start":{"line":270,"column":16},"end":{"line":270,"column":83}},"144":{"start":{"line":271,"column":38},"end":{"line":271,"column":71}},"145":{"start":{"line":273,"column":16},"end":{"line":304,"column":17}},"146":{"start":{"line":274,"column":20},"end":{"line":274,"column":49}},"147":{"start":{"line":276,"column":20},"end":{"line":276,"column":78}},"148":{"start":{"line":277,"column":20},"end":{"line":277,"column":77}},"149":{"start":{"line":279,"column":44},"end":{"line":279,"column":76}},"150":{"start":{"line":280,"column":20},"end":{"line":280,"column":79}},"151":{"start":{"line":282,"column":20},"end":{"line":282,"column":77}},"152":{"start":{"line":283,"column":20},"end":{"line":283,"column":76}},"153":{"start":{"line":285,"column":20},"end":{"line":298,"column":21}},"154":{"start":{"line":286,"column":24},"end":{"line":286,"column":109}},"155":{"start":{"line":287,"column":24},"end":{"line":287,"column":96}},"156":{"start":{"line":288,"column":24},"end":{"line":288,"column":67}},"157":{"start":{"line":289,"column":27},"end":{"line":298,"column":21}},"158":{"start":{"line":290,"column":24},"end":{"line":290,"column":108}},"159":{"start":{"line":291,"column":24},"end":{"line":291,"column":39}},"160":{"start":{"line":292,"column":24},"end":{"line":292,"column":96}},"161":{"start":{"line":293,"column":24},"end":{"line":293,"column":67}},"162":{"start":{"line":294,"column":24},"end":{"line":294,"column":73}},"163":{"start":{"line":295,"column":24},"end":{"line":295,"column":30}},"164":{"start":{"line":297,"column":24},"end":{"line":297,"column":64}},"165":{"start":{"line":300,"column":20},"end":{"line":300,"column":51}},"166":{"start":{"line":302,"column":20},"end":{"line":302,"column":74}},"167":{"start":{"line":303,"column":20},"end":{"line":303,"column":26}},"168":{"start":{"line":308,"column":12},"end":{"line":308,"column":65}},"169":{"start":{"line":311,"column":8},"end":{"line":311,"column":57}},"170":{"start":{"line":313,"column":8},"end":{"line":313,"column":22}},"171":{"start":{"line":317,"column":8},"end":{"line":317,"column":57}},"172":{"start":{"line":318,"column":20},"end":{"line":318,"column":50}},"173":{"start":{"line":320,"column":8},"end":{"line":324,"column":9}},"174":{"start":{"line":321,"column":23},"end":{"line":321,"column":52}},"175":{"start":{"line":322,"column":12},"end":{"line":322,"column":37}},"176":{"start":{"line":323,"column":12},"end":{"line":323,"column":34}},"177":{"start":{"line":329,"column":12},"end":{"line":329,"column":61}},"178":{"start":{"line":330,"column":24},"end":{"line":330,"column":54}},"179":{"start":{"line":331,"column":12},"end":{"line":335,"column":13}},"180":{"start":{"line":332,"column":27},"end":{"line":332,"column":56}},"181":{"start":{"line":333,"column":16},"end":{"line":333,"column":41}},"182":{"start":{"line":334,"column":16},"end":{"line":334,"column":38}},"183":{"start":{"line":339,"column":20},"end":{"line":339,"column":50}},"184":{"start":{"line":340,"column":12},"end":{"line":344,"column":13}},"185":{"start":{"line":341,"column":27},"end":{"line":341,"column":56}},"186":{"start":{"line":342,"column":16},"end":{"line":342,"column":41}},"187":{"start":{"line":343,"column":16},"end":{"line":343,"column":38}},"188":{"start":{"line":350,"column":23},"end":{"line":350,"column":39}},"189":{"start":{"line":351,"column":21},"end":{"line":351,"column":52}},"190":{"start":{"line":352,"column":18},"end":{"line":352,"column":52}},"191":{"start":{"line":354,"column":15},"end":{"line":354,"column":20}},"192":{"start":{"line":355,"column":17},"end":{"line":355,"column":56}},"193":{"start":{"line":356,"column":4},"end":{"line":356,"column":38}},"194":{"start":{"line":358,"column":4},"end":{"line":372,"column":5}},"195":{"start":{"line":359,"column":8},"end":{"line":359,"column":66}},"196":{"start":{"line":360,"column":8},"end":{"line":360,"column":69}},"197":{"start":{"line":362,"column":8},"end":{"line":362,"column":70}},"198":{"start":{"line":363,"column":23},"end":{"line":363,"column":54}},"199":{"start":{"line":364,"column":8},"end":{"line":371,"column":9}},"200":{"start":{"line":365,"column":12},"end":{"line":365,"column":90}},"201":{"start":{"line":366,"column":12},"end":{"line":366,"column":22}},"202":{"start":{"line":369,"column":12},"end":{"line":369,"column":34}},"203":{"start":{"line":370,"column":12},"end":{"line":370,"column":53}},"204":{"start":{"line":374,"column":4},"end":{"line":374,"column":58}},"205":{"start":{"line":379,"column":8},"end":{"line":379,"column":29}},"206":{"start":{"line":380,"column":8},"end":{"line":380,"column":29}},"207":{"start":{"line":381,"column":8},"end":{"line":381,"column":33}},"208":{"start":{"line":387,"column":8},"end":{"line":387,"column":24}},"209":{"start":{"line":391,"column":21},"end":{"line":391,"column":61}},"210":{"start":{"line":392,"column":8},"end":{"line":392,"column":30}},"211":{"start":{"line":396,"column":8},"end":{"line":396,"column":42}},"212":{"start":{"line":401,"column":21},"end":{"line":401,"column":71}},"213":{"start":{"line":404,"column":20},"end":{"line":404,"column":45}},"214":{"start":{"line":407,"column":18},"end":{"line":407,"column":45}},"215":{"start":{"line":408,"column":8},"end":{"line":408,"column":21}},"216":{"start":{"line":409,"column":8},"end":{"line":409,"column":30}},"217":{"start":{"line":412,"column":8},"end":{"line":412,"column":37}},"218":{"start":{"line":413,"column":8},"end":{"line":413,"column":18}},"219":{"start":{"line":416,"column":8},"end":{"line":416,"column":37}},"220":{"start":{"line":417,"column":8},"end":{"line":417,"column":33}},"221":{"start":{"line":421,"column":0},"end":{"line":426,"column":2}}},"fnMap":{"0":{"name":"(anonymous_0)","decl":{"start":{"line":2,"column":4},"end":{"line":2,"column":5}},"loc":{"start":{"line":2,"column":38},"end":{"line":9,"column":5}},"line":2},"1":{"name":"(anonymous_1)","decl":{"start":{"line":5,"column":67},"end":{"line":5,"column":68}},"loc":{"start":{"line":5,"column":73},"end":{"line":5,"column":82}},"line":5},"2":{"name":"(anonymous_2)","decl":{"start":{"line":6,"column":67},"end":{"line":6,"column":68}},"loc":{"start":{"line":6,"column":73},"end":{"line":6,"column":82}},"line":6},"3":{"name":"(anonymous_3)","decl":{"start":{"line":12,"column":4},"end":{"line":12,"column":5}},"loc":{"start":{"line":12,"column":19},"end":{"line":14,"column":5}},"line":12},"4":{"name":"(anonymous_4)","decl":{"start":{"line":17,"column":4},"end":{"line":17,"column":5}},"loc":{"start":{"line":17,"column":19},"end":{"line":19,"column":5}},"line":17},"5":{"name":"(anonymous_5)","decl":{"start":{"line":22,"column":4},"end":{"line":22,"column":5}},"loc":{"start":{"line":22,"column":16},"end":{"line":29,"column":5}},"line":22},"6":{"name":"(anonymous_6)","decl":{"start":{"line":32,"column":4},"end":{"line":32,"column":5}},"loc":{"start":{"line":32,"column":24},"end":{"line":34,"column":5}},"line":32},"7":{"name":"(anonymous_7)","decl":{"start":{"line":39,"column":4},"end":{"line":39,"column":5}},"loc":{"start":{"line":39,"column":44},"end":{"line":42,"column":5}},"line":39},"8":{"name":"(anonymous_8)","decl":{"start":{"line":45,"column":4},"end":{"line":45,"column":5}},"loc":{"start":{"line":45,"column":24},"end":{"line":69,"column":5}},"line":45},"9":{"name":"(anonymous_9)","decl":{"start":{"line":47,"column":27},"end":{"line":47,"column":28}},"loc":{"start":{"line":47,"column":48},"end":{"line":68,"column":9}},"line":47},"10":{"name":"(anonymous_10)","decl":{"start":{"line":48,"column":27},"end":{"line":48,"column":28}},"loc":{"start":{"line":48,"column":38},"end":{"line":67,"column":13}},"line":48},"11":{"name":"(anonymous_11)","decl":{"start":{"line":50,"column":37},"end":{"line":50,"column":38}},"loc":{"start":{"line":50,"column":49},"end":{"line":65,"column":17}},"line":50},"12":{"name":"(anonymous_12)","decl":{"start":{"line":72,"column":4},"end":{"line":72,"column":5}},"loc":{"start":{"line":72,"column":21},"end":{"line":84,"column":5}},"line":72},"13":{"name":"(anonymous_13)","decl":{"start":{"line":73,"column":27},"end":{"line":73,"column":28}},"loc":{"start":{"line":73,"column":48},"end":{"line":83,"column":9}},"line":73},"14":{"name":"(anonymous_14)","decl":{"start":{"line":75,"column":33},"end":{"line":75,"column":34}},"loc":{"start":{"line":75,"column":39},"end":{"line":80,"column":13}},"line":75},"15":{"name":"(anonymous_15)","decl":{"start":{"line":87,"column":4},"end":{"line":87,"column":5}},"loc":{"start":{"line":87,"column":26},"end":{"line":101,"column":5}},"line":87},"16":{"name":"(anonymous_16)","decl":{"start":{"line":89,"column":27},"end":{"line":89,"column":28}},"loc":{"start":{"line":89,"column":40},"end":{"line":100,"column":9}},"line":89},"17":{"name":"(anonymous_17)","decl":{"start":{"line":90,"column":33},"end":{"line":90,"column":34}},"loc":{"start":{"line":90,"column":44},"end":{"line":94,"column":13}},"line":90},"18":{"name":"(anonymous_18)","decl":{"start":{"line":92,"column":34},"end":{"line":92,"column":35}},"loc":{"start":{"line":92,"column":40},"end":{"line":92,"column":110}},"line":92},"19":{"name":"(anonymous_19)","decl":{"start":{"line":96,"column":30},"end":{"line":96,"column":31}},"loc":{"start":{"line":96,"column":36},"end":{"line":99,"column":13}},"line":96},"20":{"name":"(anonymous_20)","decl":{"start":{"line":104,"column":4},"end":{"line":104,"column":5}},"loc":{"start":{"line":104,"column":24},"end":{"line":168,"column":5}},"line":104},"21":{"name":"(anonymous_21)","decl":{"start":{"line":171,"column":4},"end":{"line":171,"column":5}},"loc":{"start":{"line":171,"column":19},"end":{"line":188,"column":5}},"line":171},"22":{"name":"(anonymous_22)","decl":{"start":{"line":172,"column":27},"end":{"line":172,"column":28}},"loc":{"start":{"line":172,"column":48},"end":{"line":187,"column":9}},"line":172},"23":{"name":"(anonymous_23)","decl":{"start":{"line":175,"column":33},"end":{"line":175,"column":34}},"loc":{"start":{"line":175,"column":44},"end":{"line":183,"column":13}},"line":175},"24":{"name":"(anonymous_24)","decl":{"start":{"line":191,"column":4},"end":{"line":191,"column":5}},"loc":{"start":{"line":191,"column":32},"end":{"line":214,"column":5}},"line":191},"25":{"name":"(anonymous_25)","decl":{"start":{"line":217,"column":4},"end":{"line":217,"column":5}},"loc":{"start":{"line":217,"column":20},"end":{"line":223,"column":5}},"line":217},"26":{"name":"(anonymous_26)","decl":{"start":{"line":226,"column":4},"end":{"line":226,"column":5}},"loc":{"start":{"line":226,"column":20},"end":{"line":243,"column":5}},"line":226},"27":{"name":"(anonymous_27)","decl":{"start":{"line":234,"column":82},"end":{"line":234,"column":83}},"loc":{"start":{"line":234,"column":96},"end":{"line":234,"column":105}},"line":234},"28":{"name":"(anonymous_28)","decl":{"start":{"line":235,"column":36},"end":{"line":235,"column":37}},"loc":{"start":{"line":235,"column":46},"end":{"line":235,"column":94}},"line":235},"29":{"name":"(anonymous_29)","decl":{"start":{"line":237,"column":24},"end":{"line":237,"column":25}},"loc":{"start":{"line":237,"column":33},"end":{"line":242,"column":9}},"line":237},"30":{"name":"(anonymous_30)","decl":{"start":{"line":245,"column":4},"end":{"line":245,"column":5}},"loc":{"start":{"line":245,"column":30},"end":{"line":247,"column":5}},"line":245},"31":{"name":"(anonymous_31)","decl":{"start":{"line":250,"column":4},"end":{"line":250,"column":5}},"loc":{"start":{"line":250,"column":31},"end":{"line":314,"column":5}},"line":250},"32":{"name":"(anonymous_32)","decl":{"start":{"line":316,"column":4},"end":{"line":316,"column":5}},"loc":{"start":{"line":316,"column":27},"end":{"line":326,"column":5}},"line":316},"33":{"name":"(anonymous_33)","decl":{"start":{"line":328,"column":4},"end":{"line":328,"column":5}},"loc":{"start":{"line":328,"column":27},"end":{"line":336,"column":5}},"line":328},"34":{"name":"(anonymous_34)","decl":{"start":{"line":338,"column":4},"end":{"line":338,"column":5}},"loc":{"start":{"line":338,"column":20},"end":{"line":345,"column":5}},"line":338},"35":{"name":"runGame","decl":{"start":{"line":349,"column":15},"end":{"line":349,"column":22}},"loc":{"start":{"line":349,"column":45},"end":{"line":375,"column":1}},"line":349},"36":{"name":"(anonymous_36)","decl":{"start":{"line":378,"column":4},"end":{"line":378,"column":5}},"loc":{"start":{"line":378,"column":42},"end":{"line":382,"column":5}},"line":378},"37":{"name":"(anonymous_37)","decl":{"start":{"line":386,"column":4},"end":{"line":386,"column":5}},"loc":{"start":{"line":386,"column":18},"end":{"line":388,"column":5}},"line":386},"38":{"name":"(anonymous_38)","decl":{"start":{"line":390,"column":4},"end":{"line":390,"column":5}},"loc":{"start":{"line":390,"column":41},"end":{"line":393,"column":5}},"line":390},"39":{"name":"(anonymous_39)","decl":{"start":{"line":395,"column":4},"end":{"line":395,"column":5}},"loc":{"start":{"line":395,"column":13},"end":{"line":397,"column":5}},"line":395},"40":{"name":"(anonymous_40)","decl":{"start":{"line":399,"column":4},"end":{"line":399,"column":5}},"loc":{"start":{"line":399,"column":31},"end":{"line":418,"column":5}},"line":399}},"branchMap":{"0":{"loc":{"start":{"line":23,"column":8},"end":{"line":28,"column":9}},"type":"if","locations":[{"start":{"line":23,"column":8},"end":{"line":28,"column":9}},{"start":{"line":26,"column":12},"end":{"line":28,"column":9}}],"line":23},"1":{"loc":{"start":{"line":53,"column":24},"end":{"line":58,"column":25}},"type":"if","locations":[{"start":{"line":53,"column":24},"end":{"line":58,"column":25}},{"start":{"line":56,"column":31},"end":{"line":58,"column":25}}],"line":53},"2":{"loc":{"start":{"line":56,"column":31},"end":{"line":58,"column":25}},"type":"if","locations":[{"start":{"line":56,"column":31},"end":{"line":58,"column":25}},{"start":{},"end":{}}],"line":56},"3":{"loc":{"start":{"line":143,"column":12},"end":{"line":160,"column":13}},"type":"if","locations":[{"start":{"line":143,"column":12},"end":{"line":160,"column":13}},{"start":{"line":149,"column":16},"end":{"line":160,"column":13}}],"line":143},"4":{"loc":{"start":{"line":177,"column":16},"end":{"line":182,"column":17}},"type":"if","locations":[{"start":{"line":177,"column":16},"end":{"line":182,"column":17}},{"start":{"line":180,"column":23},"end":{"line":182,"column":17}}],"line":177},"5":{"loc":{"start":{"line":202,"column":16},"end":{"line":204,"column":17}},"type":"if","locations":[{"start":{"line":202,"column":16},"end":{"line":204,"column":17}},{"start":{},"end":{}}],"line":202},"6":{"loc":{"start":{"line":285,"column":20},"end":{"line":298,"column":21}},"type":"if","locations":[{"start":{"line":285,"column":20},"end":{"line":298,"column":21}},{"start":{"line":289,"column":27},"end":{"line":298,"column":21}}],"line":285},"7":{"loc":{"start":{"line":289,"column":27},"end":{"line":298,"column":21}},"type":"if","locations":[{"start":{"line":289,"column":27},"end":{"line":298,"column":21}},{"start":{"line":296,"column":27},"end":{"line":298,"column":21}}],"line":289},"8":{"loc":{"start":{"line":320,"column":8},"end":{"line":324,"column":9}},"type":"if","locations":[{"start":{"line":320,"column":8},"end":{"line":324,"column":9}},{"start":{},"end":{}}],"line":320},"9":{"loc":{"start":{"line":331,"column":12},"end":{"line":335,"column":13}},"type":"if","locations":[{"start":{"line":331,"column":12},"end":{"line":335,"column":13}},{"start":{},"end":{}}],"line":331},"10":{"loc":{"start":{"line":340,"column":12},"end":{"line":344,"column":13}},"type":"if","locations":[{"start":{"line":340,"column":12},"end":{"line":344,"column":13}},{"start":{},"end":{}}],"line":340},"11":{"loc":{"start":{"line":364,"column":8},"end":{"line":371,"column":9}},"type":"if","locations":[{"start":{"line":364,"column":8},"end":{"line":371,"column":9}},{"start":{"line":368,"column":12},"end":{"line":371,"column":9}}],"line":364}},"s":{"0":10,"1":10,"2":10,"3":30,"4":10,"5":30,"6":10,"7":10,"8":2,"9":8,"10":3,"11":2,"12":1,"13":1,"14":6,"15":6,"16":0,"17":0,"18":0,"19":0,"20":0,"21":0,"22":0,"23":0,"24":0,"25":0,"26":0,"27":0,"28":0,"29":0,"30":0,"31":1,"32":1,"33":1,"34":1,"35":1,"36":1,"37":1,"38":1,"39":2,"40":2,"41":2,"42":2,"43":2,"44":4,"45":2,"46":2,"47":4,"48":4,"49":0,"50":0,"51":0,"52":0,"53":0,"54":0,"55":0,"56":0,"57":0,"58":0,"59":0,"60":0,"61":0,"62":0,"63":0,"64":0,"65":0,"66":0,"67":0,"68":0,"69":0,"70":0,"71":0,"72":0,"73":0,"74":0,"75":0,"76":0,"77":0,"78":0,"79":0,"80":0,"81":0,"82":0,"83":0,"84":0,"85":0,"86":0,"87":0,"88":0,"89":0,"90":0,"91":0,"92":0,"93":0,"94":0,"95":0,"96":0,"97":0,"98":0,"99":0,"100":0,"101":0,"102":0,"103":0,"104":0,"105":0,"106":0,"107":0,"108":0,"109":0,"110":0,"111":0,"112":0,"113":0,"114":0,"115":0,"116":0,"117":0,"118":1,"119":1,"120":0,"121":1,"122":3,"123":3,"124":1,"125":2,"126":2,"127":2,"128":2,"129":0,"130":0,"131":0,"132":0,"133":0,"134":0,"135":0,"136":0,"137":0,"138":0,"139":0,"140":0,"141":0,"142":0,"143":0,"144":0,"145":0,"146":0,"147":0,"148":0,"149":0,"150":0,"151":0,"152":0,"153":0,"154":0,"155":0,"156":0,"157":0,"158":0,"159":0,"160":0,"161":0,"162":0,"163":0,"164":0,"165":0,"166":0,"167":0,"168":0,"169":0,"170":0,"171":1,"172":1,"173":1,"174":1,"175":1,"176":1,"177":1,"178":1,"179":1,"180":1,"181":1,"182":1,"183":1,"184":1,"185":1,"186":1,"187":1,"188":0,"189":0,"190":0,"191":0,"192":0,"193":0,"194":0,"195":0,"196":0,"197":0,"198":0,"199":0,"200":0,"201":0,"202":0,"203":0,"204":0,"205":2,"206":2,"207":2,"208":8,"209":2,"210":2,"211":1,"212":0,"213":0,"214":0,"215":0,"216":0,"217":0,"218":0,"219":0,"220":0,"221":1},"f":{"0":10,"1":30,"2":30,"3":2,"4":8,"5":3,"6":1,"7":6,"8":0,"9":0,"10":0,"11":0,"12":1,"13":1,"14":1,"15":2,"16":2,"17":2,"18":4,"19":4,"20":0,"21":0,"22":0,"23":0,"24":0,"25":0,"26":1,"27":3,"28":3,"29":2,"30":0,"31":0,"32":1,"33":1,"34":1,"35":0,"36":2,"37":8,"38":2,"39":1,"40":0},"b":{"0":[2,1],"1":[0,0],"2":[0,0],"3":[0,0],"4":[0,0],"5":[0,0],"6":[0,0],"7":[0,0],"8":[1,0],"9":[1,0],"10":[1,0],"11":[0,0]},"_coverageSchema":"1a1c01bbd47fc00a2c39e90264f33305004495a9","hash":"654419503de276ac5e5223cadd14fa414f8b9240"}
,"C:\\Users\\james\\OneDrive - University of Witwatersrand\\SD\\Cryptid Web App\\Cryptid-Web-App\\test\\script.js": {"path":"C:\\Users\\james\\OneDrive - University of Witwatersrand\\SD\\Cryptid Web App\\Cryptid-Web-App\\test\\script.js","statementMap":{"0":{"start":{"line":3,"column":22},"end":{"line":3,"column":50}},"1":{"start":{"line":6,"column":4},"end":{"line":31,"column":5}},"2":{"start":{"line":7,"column":8},"end":{"line":7,"column":71}},"3":{"start":{"line":8,"column":8},"end":{"line":8,"column":97}},"4":{"start":{"line":9,"column":8},"end":{"line":9,"column":21}},"5":{"start":{"line":11,"column":9},"end":{"line":31,"column":5}},"6":{"start":{"line":12,"column":8},"end":{"line":12,"column":71}},"7":{"start":{"line":13,"column":8},"end":{"line":13,"column":74}},"8":{"start":{"line":14,"column":8},"end":{"line":14,"column":21}},"9":{"start":{"line":16,"column":9},"end":{"line":31,"column":5}},"10":{"start":{"line":17,"column":8},"end":{"line":17,"column":71}},"11":{"start":{"line":18,"column":8},"end":{"line":18,"column":99}},"12":{"start":{"line":19,"column":8},"end":{"line":19,"column":21}},"13":{"start":{"line":21,"column":9},"end":{"line":31,"column":5}},"14":{"start":{"line":22,"column":8},"end":{"line":22,"column":71}},"15":{"start":{"line":23,"column":8},"end":{"line":23,"column":80}},"16":{"start":{"line":24,"column":8},"end":{"line":24,"column":21}},"17":{"start":{"line":27,"column":9},"end":{"line":31,"column":5}},"18":{"start":{"line":28,"column":8},"end":{"line":28,"column":46}},"19":{"start":{"line":29,"column":8},"end":{"line":29,"column":42}},"20":{"start":{"line":30,"column":8},"end":{"line":30,"column":20}},"21":{"start":{"line":36,"column":4},"end":{"line":36,"column":41}},"22":{"start":{"line":37,"column":4},"end":{"line":40,"column":5}},"23":{"start":{"line":38,"column":8},"end":{"line":38,"column":57}},"24":{"start":{"line":39,"column":8},"end":{"line":39,"column":70}},"25":{"start":{"line":44,"column":21},"end":{"line":44,"column":62}},"26":{"start":{"line":45,"column":18},"end":{"line":45,"column":56}},"27":{"start":{"line":46,"column":21},"end":{"line":46,"column":62}},"28":{"start":{"line":47,"column":28},"end":{"line":47,"column":70}},"29":{"start":{"line":49,"column":16},"end":{"line":49,"column":48}},"30":{"start":{"line":52,"column":20},"end":{"line":52,"column":87}},"31":{"start":{"line":54,"column":4},"end":{"line":56,"column":5}},"32":{"start":{"line":55,"column":8},"end":{"line":55,"column":21}},"33":{"start":{"line":58,"column":4},"end":{"line":58,"column":16}},"34":{"start":{"line":64,"column":17},"end":{"line":69,"column":5}},"35":{"start":{"line":71,"column":21},"end":{"line":71,"column":43}},"36":{"start":{"line":72,"column":21},"end":{"line":76,"column":6}},"37":{"start":{"line":77,"column":19},"end":{"line":77,"column":40}},"38":{"start":{"line":78,"column":4},"end":{"line":78,"column":18}},"39":{"start":{"line":83,"column":0},"end":{"line":86,"column":2}}},"fnMap":{"0":{"name":"registration_validation","decl":{"start":{"line":2,"column":9},"end":{"line":2,"column":32}},"loc":{"start":{"line":2,"column":77},"end":{"line":32,"column":1}},"line":2},"1":{"name":"closeSlide","decl":{"start":{"line":34,"column":9},"end":{"line":34,"column":19}},"loc":{"start":{"line":34,"column":21},"end":{"line":41,"column":1}},"line":34},"2":{"name":"validateRegistration","decl":{"start":{"line":43,"column":9},"end":{"line":43,"column":29}},"loc":{"start":{"line":43,"column":32},"end":{"line":59,"column":1}},"line":43},"3":{"name":"create","decl":{"start":{"line":62,"column":15},"end":{"line":62,"column":21}},"loc":{"start":{"line":62,"column":42},"end":{"line":80,"column":3}},"line":62}},"branchMap":{"0":{"loc":{"start":{"line":6,"column":4},"end":{"line":31,"column":5}},"type":"if","locations":[{"start":{"line":6,"column":4},"end":{"line":31,"column":5}},{"start":{"line":11,"column":9},"end":{"line":31,"column":5}}],"line":6},"1":{"loc":{"start":{"line":11,"column":9},"end":{"line":31,"column":5}},"type":"if","locations":[{"start":{"line":11,"column":9},"end":{"line":31,"column":5}},{"start":{"line":16,"column":9},"end":{"line":31,"column":5}}],"line":11},"2":{"loc":{"start":{"line":16,"column":9},"end":{"line":31,"column":5}},"type":"if","locations":[{"start":{"line":16,"column":9},"end":{"line":31,"column":5}},{"start":{"line":21,"column":9},"end":{"line":31,"column":5}}],"line":16},"3":{"loc":{"start":{"line":21,"column":9},"end":{"line":31,"column":5}},"type":"if","locations":[{"start":{"line":21,"column":9},"end":{"line":31,"column":5}},{"start":{"line":27,"column":9},"end":{"line":31,"column":5}}],"line":21},"4":{"loc":{"start":{"line":27,"column":9},"end":{"line":31,"column":5}},"type":"if","locations":[{"start":{"line":27,"column":9},"end":{"line":31,"column":5}},{"start":{},"end":{}}],"line":27},"5":{"loc":{"start":{"line":37,"column":4},"end":{"line":40,"column":5}},"type":"if","locations":[{"start":{"line":37,"column":4},"end":{"line":40,"column":5}},{"start":{},"end":{}}],"line":37},"6":{"loc":{"start":{"line":54,"column":4},"end":{"line":56,"column":5}},"type":"if","locations":[{"start":{"line":54,"column":4},"end":{"line":56,"column":5}},{"start":{},"end":{}}],"line":54}},"s":{"0":5,"1":5,"2":1,"3":1,"4":1,"5":4,"6":1,"7":1,"8":1,"9":3,"10":1,"11":1,"12":1,"13":2,"14":1,"15":1,"16":1,"17":1,"18":1,"19":1,"20":1,"21":0,"22":0,"23":0,"24":0,"25":0,"26":0,"27":0,"28":0,"29":0,"30":0,"31":0,"32":0,"33":0,"34":3,"35":3,"36":3,"37":3,"38":3,"39":1},"f":{"0":5,"1":0,"2":0,"3":3},"b":{"0":[1,4],"1":[1,3],"2":[1,2],"3":[1,1],"4":[1,0],"5":[0,0],"6":[0,0]},"_coverageSchema":"1a1c01bbd47fc00a2c39e90264f33305004495a9","hash":"f46006211d17e058f2bbdb9e6803a6e09e8a49d2"}
}
