TN:
SF:test\game.js
FN:83,get_board_configuration
FN:89,(anonymous_1)
FN:106,(anonymous_2)
FN:111,(anonymous_3)
FN:153,get_game_config
FN:159,get_destination
FN:164,get_clues
FN:215,(anonymous_7)
FN:219,get_hint
FN:237,getSubmatrix
FN:259,rotate
FN:272,mergeMatricesByRows
FN:286,board_layout
FN:310,isBear
FN:371,isCougar
FN:436,(anonymous_15)
FN:450,(anonymous_16)
FN:557,(anonymous_17)
FN:576,(anonymous_18)
FN:610,(anonymous_19)
FN:620,(anonymous_20)
FN:626,(anonymous_21)
FN:632,(anonymous_22)
FN:643,(anonymous_23)
FNF:24
FNH:15
FNDA:3,get_board_configuration
FNDA:18,(anonymous_1)
FNDA:18,(anonymous_2)
FNDA:18,(anonymous_3)
FNDA:1,get_game_config
FNDA:1,get_destination
FNDA:1,get_clues
FNDA:2,(anonymous_7)
FNDA:1,get_hint
FNDA:7,getSubmatrix
FNDA:6,rotate
FNDA:9,mergeMatricesByRows
FNDA:1,board_layout
FNDA:28,isBear
FNDA:28,isCougar
FNDA:0,(anonymous_15)
FNDA:0,(anonymous_16)
FNDA:0,(anonymous_17)
FNDA:0,(anonymous_18)
FNDA:0,(anonymous_19)
FNDA:0,(anonymous_20)
FNDA:0,(anonymous_21)
FNDA:0,(anonymous_22)
FNDA:0,(anonymous_23)
DA:1,1
DA:3,1
DA:48,1
DA:70,1
DA:85,3
DA:86,3
DA:89,3
DA:90,18
DA:91,6
DA:93,3
DA:95,0
DA:97,3
DA:101,12
DA:106,3
DA:107,18
DA:111,3
DA:112,18
DA:113,7
DA:115,11
DA:120,3
DA:121,3
DA:122,2
DA:125,1
DA:129,3
DA:130,3
DA:131,20
DA:132,20
DA:133,20
DA:136,3
DA:137,3
DA:140,3
DA:149,3
DA:154,1
DA:160,1
DA:165,1
DA:215,2
DA:220,1
DA:233,1
DA:238,7
DA:239,7
DA:240,20
DA:241,20
DA:242,112
DA:244,20
DA:246,7
DA:249,1
DA:261,6
DA:262,6
DA:263,6
DA:265,6
DA:266,17
DA:268,6
DA:273,9
DA:274,1
DA:277,8
DA:278,8
DA:279,23
DA:282,8
DA:287,1
DA:288,1
DA:289,1
DA:292,1
DA:293,6
DA:294,4
DA:299,1
DA:300,1
DA:301,3
DA:303,1
DA:304,3
DA:307,1
DA:311,28
DA:312,5
DA:313,1
DA:315,4
DA:316,1
DA:318,3
DA:319,1
DA:321,2
DA:324,23
DA:325,5
DA:326,1
DA:328,4
DA:329,1
DA:331,3
DA:332,1
DA:334,2
DA:337,18
DA:338,4
DA:339,1
DA:341,3
DA:342,1
DA:344,2
DA:347,14
DA:348,5
DA:349,4
DA:350,3
DA:351,2
DA:354,9
DA:355,5
DA:356,4
DA:357,3
DA:358,2
DA:362,4
DA:363,4
DA:364,3
DA:365,2
DA:367,0
DA:372,28
DA:373,5
DA:374,1
DA:376,4
DA:377,1
DA:379,3
DA:380,1
DA:382,2
DA:385,23
DA:386,5
DA:387,1
DA:389,4
DA:390,1
DA:392,3
DA:393,1
DA:395,2
DA:398,18
DA:399,4
DA:400,1
DA:402,3
DA:403,1
DA:405,2
DA:408,14
DA:409,5
DA:410,1
DA:412,4
DA:413,1
DA:415,3
DA:416,1
DA:418,2
DA:421,9
DA:422,5
DA:423,4
DA:424,3
DA:425,2
DA:428,4
DA:429,4
DA:430,3
DA:431,2
DA:433,0
DA:436,1
DA:438,0
DA:439,0
DA:440,0
DA:441,0
DA:442,0
DA:443,0
DA:444,0
DA:447,0
DA:448,0
DA:450,0
DA:452,0
DA:457,0
DA:458,0
DA:460,0
DA:461,0
DA:463,0
DA:467,0
DA:468,0
DA:469,0
DA:470,0
DA:471,0
DA:474,0
DA:475,0
DA:476,0
DA:477,0
DA:478,0
DA:479,0
DA:480,0
DA:481,0
DA:484,0
DA:485,0
DA:486,0
DA:487,0
DA:488,0
DA:489,0
DA:490,0
DA:491,0
DA:492,0
DA:493,0
DA:495,0
DA:497,0
DA:498,0
DA:500,0
DA:501,0
DA:504,0
DA:505,0
DA:506,0
DA:508,0
DA:509,0
DA:512,0
DA:513,0
DA:514,0
DA:516,0
DA:517,0
DA:520,0
DA:522,0
DA:523,0
DA:525,0
DA:526,0
DA:529,0
DA:531,0
DA:532,0
DA:534,0
DA:535,0
DA:538,0
DA:540,0
DA:541,0
DA:543,0
DA:544,0
DA:549,0
DA:550,0
DA:551,0
DA:552,0
DA:557,0
DA:558,0
DA:559,0
DA:560,0
DA:562,0
DA:563,0
DA:565,0
DA:566,0
DA:568,0
DA:569,0
DA:571,0
DA:572,0
DA:574,0
DA:576,0
DA:577,0
DA:578,0
DA:579,0
DA:581,0
DA:582,0
DA:584,0
DA:585,0
DA:587,0
DA:588,0
DA:590,0
DA:591,0
DA:593,0
DA:596,0
DA:598,0
DA:601,0
DA:602,0
DA:603,0
DA:606,0
DA:607,0
DA:608,0
DA:609,0
DA:610,0
DA:611,0
DA:612,0
DA:613,0
DA:614,0
DA:615,0
DA:616,0
DA:620,0
DA:621,0
DA:622,0
DA:626,0
DA:627,0
DA:631,0
DA:632,0
DA:633,0
DA:634,0
DA:635,0
DA:636,0
DA:637,0
DA:639,0
DA:640,0
DA:641,0
DA:642,0
DA:643,0
DA:644,0
DA:645,0
DA:646,0
DA:647,0
DA:648,0
DA:651,0
DA:656,0
DA:660,1
LF:288
LH:146
BRDA:90,0,0,6
BRDA:90,0,1,12
BRDA:91,1,0,3
BRDA:91,1,1,0
BRDA:91,1,2,3
BRDA:112,2,0,7
BRDA:112,2,1,11
BRDA:121,3,0,2
BRDA:121,3,1,1
BRDA:215,4,0,2
BRDA:215,4,1,0
BRDA:273,5,0,1
BRDA:273,5,1,8
BRDA:293,6,0,4
BRDA:293,6,1,2
BRDA:311,7,0,5
BRDA:311,7,1,23
BRDA:312,8,0,1
BRDA:312,8,1,4
BRDA:312,9,0,5
BRDA:312,9,1,3
BRDA:315,10,0,1
BRDA:315,10,1,3
BRDA:315,11,0,4
BRDA:315,11,1,2
BRDA:318,12,0,1
BRDA:318,12,1,2
BRDA:318,13,0,3
BRDA:318,13,1,1
BRDA:324,14,0,5
BRDA:324,14,1,18
BRDA:325,15,0,1
BRDA:325,15,1,4
BRDA:325,16,0,5
BRDA:325,16,1,2
BRDA:328,17,0,1
BRDA:328,17,1,3
BRDA:328,18,0,4
BRDA:328,18,1,2
BRDA:331,19,0,1
BRDA:331,19,1,2
BRDA:331,20,0,3
BRDA:331,20,1,1
BRDA:337,21,0,4
BRDA:337,21,1,14
BRDA:338,22,0,1
BRDA:338,22,1,3
BRDA:338,23,0,4
BRDA:338,23,1,2
BRDA:341,24,0,1
BRDA:341,24,1,2
BRDA:341,25,0,3
BRDA:341,25,1,2
BRDA:347,26,0,5
BRDA:347,26,1,9
BRDA:348,27,0,1
BRDA:348,27,1,4
BRDA:348,28,0,5
BRDA:348,28,1,3
BRDA:349,29,0,1
BRDA:349,29,1,3
BRDA:349,30,0,4
BRDA:349,30,1,2
BRDA:350,31,0,1
BRDA:350,31,1,2
BRDA:350,32,0,3
BRDA:350,32,1,1
BRDA:354,33,0,5
BRDA:354,33,1,4
BRDA:355,34,0,1
BRDA:355,34,1,4
BRDA:355,35,0,5
BRDA:355,35,1,2
BRDA:356,36,0,1
BRDA:356,36,1,3
BRDA:356,37,0,4
BRDA:356,37,1,1
BRDA:357,38,0,1
BRDA:357,38,1,2
BRDA:357,39,0,3
BRDA:357,39,1,2
BRDA:362,40,0,4
BRDA:362,40,1,0
BRDA:363,41,0,1
BRDA:363,41,1,3
BRDA:363,42,0,4
BRDA:363,42,1,2
BRDA:364,43,0,1
BRDA:364,43,1,2
BRDA:364,44,0,3
BRDA:364,44,1,1
BRDA:372,45,0,5
BRDA:372,45,1,23
BRDA:373,46,0,1
BRDA:373,46,1,4
BRDA:373,47,0,5
BRDA:373,47,1,3
BRDA:376,48,0,1
BRDA:376,48,1,3
BRDA:376,49,0,4
BRDA:376,49,1,2
BRDA:379,50,0,1
BRDA:379,50,1,2
BRDA:379,51,0,3
BRDA:379,51,1,1
BRDA:385,52,0,5
BRDA:385,52,1,18
BRDA:386,53,0,1
BRDA:386,53,1,4
BRDA:386,54,0,5
BRDA:386,54,1,2
BRDA:389,55,0,1
BRDA:389,55,1,3
BRDA:389,56,0,4
BRDA:389,56,1,1
BRDA:392,57,0,1
BRDA:392,57,1,2
BRDA:392,58,0,3
BRDA:392,58,1,2
BRDA:398,59,0,4
BRDA:398,59,1,14
BRDA:399,60,0,1
BRDA:399,60,1,3
BRDA:399,61,0,4
BRDA:399,61,1,2
BRDA:402,62,0,1
BRDA:402,62,1,2
BRDA:402,63,0,3
BRDA:402,63,1,1
BRDA:408,64,0,5
BRDA:408,64,1,9
BRDA:409,65,0,1
BRDA:409,65,1,4
BRDA:409,66,0,5
BRDA:409,66,1,4
BRDA:412,67,0,1
BRDA:412,67,1,3
BRDA:412,68,0,4
BRDA:412,68,1,3
BRDA:415,69,0,1
BRDA:415,69,1,2
BRDA:415,70,0,3
BRDA:415,70,1,2
BRDA:421,71,0,5
BRDA:421,71,1,4
BRDA:422,72,0,1
BRDA:422,72,1,4
BRDA:422,73,0,5
BRDA:422,73,1,2
BRDA:423,74,0,1
BRDA:423,74,1,3
BRDA:423,75,0,4
BRDA:423,75,1,2
BRDA:424,76,0,1
BRDA:424,76,1,2
BRDA:424,77,0,3
BRDA:424,77,1,1
BRDA:428,78,0,4
BRDA:428,78,1,0
BRDA:429,79,0,1
BRDA:429,79,1,3
BRDA:429,80,0,4
BRDA:429,80,1,1
BRDA:430,81,0,1
BRDA:430,81,1,2
BRDA:430,82,0,3
BRDA:430,82,1,1
BRDA:452,83,0,0
BRDA:452,83,1,0
BRDA:460,84,0,0
BRDA:460,84,1,0
BRDA:480,85,0,0
BRDA:480,85,1,0
BRDA:495,86,0,0
BRDA:495,86,1,0
BRDA:495,87,0,0
BRDA:495,87,1,0
BRDA:497,88,0,0
BRDA:497,88,1,0
BRDA:500,89,0,0
BRDA:500,89,1,0
BRDA:504,90,0,0
BRDA:504,90,1,0
BRDA:504,91,0,0
BRDA:504,91,1,0
BRDA:505,92,0,0
BRDA:505,92,1,0
BRDA:508,93,0,0
BRDA:508,93,1,0
BRDA:512,94,0,0
BRDA:512,94,1,0
BRDA:512,95,0,0
BRDA:512,95,1,0
BRDA:512,95,2,0
BRDA:513,96,0,0
BRDA:513,96,1,0
BRDA:516,97,0,0
BRDA:516,97,1,0
BRDA:520,98,0,0
BRDA:520,98,1,0
BRDA:520,99,0,0
BRDA:520,99,1,0
BRDA:520,99,2,0
BRDA:522,100,0,0
BRDA:522,100,1,0
BRDA:525,101,0,0
BRDA:525,101,1,0
BRDA:529,102,0,0
BRDA:529,102,1,0
BRDA:529,103,0,0
BRDA:529,103,1,0
BRDA:531,104,0,0
BRDA:531,104,1,0
BRDA:534,105,0,0
BRDA:534,105,1,0
BRDA:538,106,0,0
BRDA:538,106,1,0
BRDA:538,107,0,0
BRDA:538,107,1,0
BRDA:540,108,0,0
BRDA:540,108,1,0
BRDA:543,109,0,0
BRDA:543,109,1,0
BRDA:557,110,0,0
BRDA:557,110,1,0
BRDA:558,111,0,0
BRDA:558,111,1,0
BRDA:560,112,0,0
BRDA:560,112,1,0
BRDA:560,112,2,0
BRDA:560,112,3,0
BRDA:576,113,0,0
BRDA:576,113,1,0
BRDA:577,114,0,0
BRDA:577,114,1,0
BRDA:579,115,0,0
BRDA:579,115,1,0
BRDA:579,115,2,0
BRDA:579,115,3,0
BRF:239
BRH:163
end_of_record
TN:
SF:test\login-validation.js
FN:1,list
FN:11,findUser
FN:14,(anonymous_2)
FN:23,closeSlide
FN:32,closeSlideUserNotFound
FN:41,login_validation
FN:48,(anonymous_6)
FN:57,(anonymous_7)
FN:65,validateLogin
FNF:9
FNH:5
FNDA:7,list
FNDA:5,findUser
FNDA:8,(anonymous_2)
FNDA:0,closeSlide
FNDA:0,closeSlideUserNotFound
FNDA:2,login_validation
FNDA:2,(anonymous_6)
FNDA:0,(anonymous_7)
FNDA:0,validateLogin
DA:2,7
DA:3,7
DA:4,6
DA:5,6
DA:12,5
DA:14,5
DA:15,8
DA:20,5
DA:24,0
DA:25,0
DA:26,0
DA:27,0
DA:28,0
DA:33,0
DA:34,0
DA:35,0
DA:36,0
DA:37,0
DA:42,2
DA:43,2
DA:47,2
DA:49,2
DA:51,2
DA:54,0
DA:58,0
DA:59,0
DA:62,2
DA:66,0
DA:67,0
DA:69,0
DA:71,0
DA:72,0
DA:75,0
DA:79,1
LF:34
LH:15
BRDA:15,0,0,8
BRDA:15,0,1,1
BRDA:15,0,2,7
BRDA:15,0,3,1
BRDA:26,1,0,0
BRDA:26,1,1,0
BRDA:35,2,0,0
BRDA:35,2,1,0
BRDA:49,3,0,2
BRDA:49,3,1,0
BRDA:71,4,0,0
BRDA:71,4,1,0
BRF:12
BRH:5
end_of_record
TN:
SF:test\runGame.js
FN:2,(anonymous_0)
FN:5,(anonymous_1)
FN:6,(anonymous_2)
FN:12,(anonymous_3)
FN:17,(anonymous_4)
FN:22,(anonymous_5)
FN:32,(anonymous_6)
FN:39,(anonymous_7)
FN:45,(anonymous_8)
FN:47,(anonymous_9)
FN:48,(anonymous_10)
FN:50,(anonymous_11)
FN:72,(anonymous_12)
FN:73,(anonymous_13)
FN:75,(anonymous_14)
FN:87,(anonymous_15)
FN:89,(anonymous_16)
FN:90,(anonymous_17)
FN:92,(anonymous_18)
FN:96,(anonymous_19)
FN:104,(anonymous_20)
FN:171,(anonymous_21)
FN:172,(anonymous_22)
FN:175,(anonymous_23)
FN:191,(anonymous_24)
FN:217,(anonymous_25)
FN:226,(anonymous_26)
FN:234,(anonymous_27)
FN:235,(anonymous_28)
FN:237,(anonymous_29)
FN:245,(anonymous_30)
FN:250,(anonymous_31)
FN:316,(anonymous_32)
FN:328,(anonymous_33)
FN:338,(anonymous_34)
FN:349,runGame
FN:378,(anonymous_36)
FN:386,(anonymous_37)
FN:390,(anonymous_38)
FN:395,(anonymous_39)
FN:399,(anonymous_40)
FNF:41
FNH:27
FNDA:10,(anonymous_0)
FNDA:30,(anonymous_1)
FNDA:30,(anonymous_2)
FNDA:2,(anonymous_3)
FNDA:8,(anonymous_4)
FNDA:3,(anonymous_5)
FNDA:1,(anonymous_6)
FNDA:6,(anonymous_7)
FNDA:0,(anonymous_8)
FNDA:0,(anonymous_9)
FNDA:0,(anonymous_10)
FNDA:0,(anonymous_11)
FNDA:1,(anonymous_12)
FNDA:1,(anonymous_13)
FNDA:1,(anonymous_14)
FNDA:2,(anonymous_15)
FNDA:2,(anonymous_16)
FNDA:2,(anonymous_17)
FNDA:4,(anonymous_18)
FNDA:4,(anonymous_19)
FNDA:0,(anonymous_20)
FNDA:0,(anonymous_21)
FNDA:0,(anonymous_22)
FNDA:0,(anonymous_23)
FNDA:0,(anonymous_24)
FNDA:0,(anonymous_25)
FNDA:1,(anonymous_26)
FNDA:3,(anonymous_27)
FNDA:3,(anonymous_28)
FNDA:2,(anonymous_29)
FNDA:0,(anonymous_30)
FNDA:0,(anonymous_31)
FNDA:1,(anonymous_32)
FNDA:1,(anonymous_33)
FNDA:1,(anonymous_34)
FNDA:0,runGame
FNDA:2,(anonymous_36)
FNDA:8,(anonymous_37)
FNDA:2,(anonymous_38)
FNDA:1,(anonymous_39)
FNDA:0,(anonymous_40)
DA:3,10
DA:4,10
DA:5,30
DA:6,30
DA:7,10
DA:8,10
DA:13,2
DA:18,8
DA:23,3
DA:24,2
DA:27,1
DA:33,1
DA:40,6
DA:41,6
DA:46,0
DA:47,0
DA:48,0
DA:49,0
DA:50,0
DA:51,0
DA:53,0
DA:54,0
DA:55,0
DA:56,0
DA:57,0
DA:60,0
DA:61,0
DA:63,0
DA:66,0
DA:73,1
DA:74,1
DA:75,1
DA:76,1
DA:77,1
DA:78,1
DA:79,1
DA:82,1
DA:88,2
DA:89,2
DA:90,2
DA:91,2
DA:92,4
DA:93,2
DA:96,2
DA:97,4
DA:98,4
DA:106,0
DA:107,0
DA:110,0
DA:111,0
DA:112,0
DA:115,0
DA:116,0
DA:117,0
DA:118,0
DA:119,0
DA:120,0
DA:122,0
DA:124,0
DA:125,0
DA:127,0
DA:129,0
DA:130,0
DA:131,0
DA:132,0
DA:135,0
DA:136,0
DA:137,0
DA:139,0
DA:140,0
DA:141,0
DA:143,0
DA:145,0
DA:146,0
DA:147,0
DA:151,0
DA:152,0
DA:153,0
DA:154,0
DA:156,0
DA:157,0
DA:158,0
DA:159,0
DA:164,0
DA:167,0
DA:172,0
DA:173,0
DA:175,0
DA:176,0
DA:177,0
DA:178,0
DA:179,0
DA:181,0
DA:186,0
DA:192,0
DA:193,0
DA:194,0
DA:195,0
DA:196,0
DA:197,0
DA:198,0
DA:199,0
DA:200,0
DA:202,0
DA:203,0
DA:207,0
DA:208,0
DA:210,0
DA:213,0
DA:218,0
DA:219,0
DA:220,0
DA:221,0
DA:222,0
DA:227,1
DA:230,1
DA:231,0
DA:234,3
DA:235,3
DA:237,1
DA:238,2
DA:239,2
DA:240,2
DA:241,2
DA:246,0
DA:251,0
DA:252,0
DA:254,0
DA:255,0
DA:257,0
DA:258,0
DA:260,0
DA:261,0
DA:262,0
DA:263,0
DA:266,0
DA:267,0
DA:269,0
DA:270,0
DA:271,0
DA:273,0
DA:274,0
DA:276,0
DA:277,0
DA:279,0
DA:280,0
DA:282,0
DA:283,0
DA:285,0
DA:286,0
DA:287,0
DA:288,0
DA:289,0
DA:290,0
DA:291,0
DA:292,0
DA:293,0
DA:294,0
DA:295,0
DA:297,0
DA:300,0
DA:302,0
DA:303,0
DA:308,0
DA:311,0
DA:313,0
DA:317,1
DA:318,1
DA:320,1
DA:321,1
DA:322,1
DA:323,1
DA:329,1
DA:330,1
DA:331,1
DA:332,1
DA:333,1
DA:334,1
DA:339,1
DA:340,1
DA:341,1
DA:342,1
DA:343,1
DA:350,0
DA:351,0
DA:352,0
DA:354,0
DA:355,0
DA:356,0
DA:358,0
DA:359,0
DA:360,0
DA:362,0
DA:363,0
DA:364,0
DA:365,0
DA:366,0
DA:369,0
DA:370,0
DA:374,0
DA:379,2
DA:380,2
DA:381,2
DA:387,8
DA:391,2
DA:392,2
DA:396,1
DA:401,0
DA:404,0
DA:407,0
DA:408,0
DA:409,0
DA:412,0
DA:413,0
DA:416,0
DA:417,0
DA:421,1
LF:217
LH:65
BRDA:23,0,0,2
BRDA:23,0,1,1
BRDA:53,1,0,0
BRDA:53,1,1,0
BRDA:56,2,0,0
BRDA:56,2,1,0
BRDA:143,3,0,0
BRDA:143,3,1,0
BRDA:177,4,0,0
BRDA:177,4,1,0
BRDA:202,5,0,0
BRDA:202,5,1,0
BRDA:285,6,0,0
BRDA:285,6,1,0
BRDA:289,7,0,0
BRDA:289,7,1,0
BRDA:320,8,0,1
BRDA:320,8,1,0
BRDA:331,9,0,1
BRDA:331,9,1,0
BRDA:340,10,0,1
BRDA:340,10,1,0
BRDA:364,11,0,0
BRDA:364,11,1,0
BRF:24
BRH:5
end_of_record
TN:
SF:test\script.js
FN:2,registration_validation
FN:34,closeSlide
FN:43,validateRegistration
FN:62,create
FNF:4
FNH:2
FNDA:5,registration_validation
FNDA:0,closeSlide
FNDA:0,validateRegistration
FNDA:3,create
DA:3,5
DA:6,5
DA:7,1
DA:8,1
DA:9,1
DA:11,4
DA:12,1
DA:13,1
DA:14,1
DA:16,3
DA:17,1
DA:18,1
DA:19,1
DA:21,2
DA:22,1
DA:23,1
DA:24,1
DA:27,1
DA:28,1
DA:29,1
DA:30,1
DA:36,0
DA:37,0
DA:38,0
DA:39,0
DA:44,0
DA:45,0
DA:46,0
DA:47,0
DA:49,0
DA:52,0
DA:54,0
DA:55,0
DA:58,0
DA:64,3
DA:71,3
DA:72,3
DA:77,3
DA:78,3
DA:83,1
LF:40
LH:27
BRDA:6,0,0,1
BRDA:6,0,1,4
BRDA:11,1,0,1
BRDA:11,1,1,3
BRDA:16,2,0,1
BRDA:16,2,1,2
BRDA:21,3,0,1
BRDA:21,3,1,1
BRDA:27,4,0,1
BRDA:27,4,1,0
BRDA:37,5,0,0
BRDA:37,5,1,0
BRDA:54,6,0,0
BRDA:54,6,1,0
BRF:14
BRH:9
end_of_record
